{"/Users/cassandrapeterson/sparkle-bows-backend/app.js": {"path":"/Users/cassandrapeterson/sparkle-bows-backend/app.js","statementMap":{"0":{"start":{"line":1,"column":0},"end":{"line":1,"column":27}},"1":{"start":{"line":2,"column":16},"end":{"line":2,"column":34}},"2":{"start":{"line":3,"column":15},"end":{"line":3,"column":32}},"3":{"start":{"line":4,"column":13},"end":{"line":4,"column":28}},"4":{"start":{"line":5,"column":22},"end":{"line":5,"column":55}},"5":{"start":{"line":6,"column":21},"end":{"line":6,"column":45}},"6":{"start":{"line":7,"column":15},"end":{"line":7,"column":34}},"7":{"start":{"line":8,"column":25},"end":{"line":8,"column":61}},"8":{"start":{"line":16,"column":4},"end":{"line":16,"column":37}},"9":{"start":{"line":17,"column":19},"end":{"line":17,"column":43}},"10":{"start":{"line":18,"column":25},"end":{"line":18,"column":55}},"11":{"start":{"line":20,"column":12},"end":{"line":20,"column":21}},"12":{"start":{"line":23,"column":0},"end":{"line":23,"column":26}},"13":{"start":{"line":25,"column":23},"end":{"line":29,"column":17}},"14":{"start":{"line":34,"column":0},"end":{"line":45,"column":2}},"15":{"start":{"line":47,"column":0},"end":{"line":54,"column":2}},"16":{"start":{"line":59,"column":0},"end":{"line":59,"column":32}},"17":{"start":{"line":60,"column":0},"end":{"line":60,"column":41}},"18":{"start":{"line":61,"column":0},"end":{"line":61,"column":40}},"19":{"start":{"line":62,"column":0},"end":{"line":62,"column":56}},"20":{"start":{"line":63,"column":0},"end":{"line":63,"column":34}},"21":{"start":{"line":64,"column":0},"end":{"line":64,"column":40}},"22":{"start":{"line":65,"column":0},"end":{"line":70,"column":3}},"23":{"start":{"line":66,"column":2},"end":{"line":68,"column":3}},"24":{"start":{"line":67,"column":4},"end":{"line":67,"column":40}},"25":{"start":{"line":69,"column":2},"end":{"line":69,"column":16}},"26":{"start":{"line":75,"column":0},"end":{"line":75,"column":66}},"27":{"start":{"line":80,"column":0},"end":{"line":80,"column":41}},"28":{"start":{"line":81,"column":0},"end":{"line":81,"column":63}},"29":{"start":{"line":82,"column":0},"end":{"line":82,"column":46}},"30":{"start":{"line":83,"column":0},"end":{"line":83,"column":25}},"31":{"start":{"line":84,"column":0},"end":{"line":84,"column":26}},"32":{"start":{"line":89,"column":0},"end":{"line":89,"column":47}},"33":{"start":{"line":90,"column":0},"end":{"line":90,"column":60}},"34":{"start":{"line":91,"column":0},"end":{"line":91,"column":58}},"35":{"start":{"line":92,"column":0},"end":{"line":92,"column":52}},"36":{"start":{"line":93,"column":0},"end":{"line":93,"column":47}},"37":{"start":{"line":94,"column":0},"end":{"line":94,"column":51}},"38":{"start":{"line":95,"column":0},"end":{"line":95,"column":49}},"39":{"start":{"line":96,"column":0},"end":{"line":96,"column":51}},"40":{"start":{"line":97,"column":0},"end":{"line":97,"column":55}},"41":{"start":{"line":98,"column":0},"end":{"line":98,"column":55}},"42":{"start":{"line":99,"column":0},"end":{"line":99,"column":33}},"43":{"start":{"line":100,"column":0},"end":{"line":100,"column":49}},"44":{"start":{"line":101,"column":0},"end":{"line":101,"column":53}},"45":{"start":{"line":102,"column":0},"end":{"line":102,"column":45}},"46":{"start":{"line":103,"column":0},"end":{"line":103,"column":64}},"47":{"start":{"line":108,"column":0},"end":{"line":114,"column":3}},"48":{"start":{"line":109,"column":2},"end":{"line":113,"column":5}},"49":{"start":{"line":119,"column":0},"end":{"line":125,"column":3}},"50":{"start":{"line":120,"column":2},"end":{"line":123,"column":3}},"51":{"start":{"line":121,"column":4},"end":{"line":121,"column":72}},"52":{"start":{"line":122,"column":4},"end":{"line":122,"column":82}},"53":{"start":{"line":124,"column":2},"end":{"line":124,"column":9}},"54":{"start":{"line":130,"column":0},"end":{"line":137,"column":3}},"55":{"start":{"line":131,"column":2},"end":{"line":131,"column":75}},"56":{"start":{"line":132,"column":16},"end":{"line":132,"column":54}},"57":{"start":{"line":133,"column":2},"end":{"line":136,"column":5}},"58":{"start":{"line":139,"column":0},"end":{"line":139,"column":21}}},"fnMap":{"0":{"name":"(anonymous_0)","decl":{"start":{"line":65,"column":22},"end":{"line":65,"column":23}},"loc":{"start":{"line":65,"column":42},"end":{"line":70,"column":1}},"line":65},"1":{"name":"(anonymous_1)","decl":{"start":{"line":108,"column":23},"end":{"line":108,"column":24}},"loc":{"start":{"line":108,"column":37},"end":{"line":114,"column":1}},"line":108},"2":{"name":"(anonymous_2)","decl":{"start":{"line":119,"column":8},"end":{"line":119,"column":9}},"loc":{"start":{"line":119,"column":28},"end":{"line":125,"column":1}},"line":119},"3":{"name":"(anonymous_3)","decl":{"start":{"line":130,"column":8},"end":{"line":130,"column":9}},"loc":{"start":{"line":130,"column":33},"end":{"line":137,"column":1}},"line":130}},"branchMap":{"0":{"loc":{"start":{"line":26,"column":2},"end":{"line":26,"column":53}},"type":"binary-expr","locations":[{"start":{"line":26,"column":2},"end":{"line":26,"column":26}},{"start":{"line":26,"column":30},"end":{"line":26,"column":53}}],"line":26},"1":{"loc":{"start":{"line":27,"column":2},"end":{"line":27,"column":70}},"type":"binary-expr","locations":[{"start":{"line":27,"column":2},"end":{"line":27,"column":36}},{"start":{"line":27,"column":40},"end":{"line":27,"column":70}}],"line":27},"2":{"loc":{"start":{"line":66,"column":2},"end":{"line":68,"column":3}},"type":"if","locations":[{"start":{"line":66,"column":2},"end":{"line":68,"column":3}},{"start":{},"end":{}}],"line":66},"3":{"loc":{"start":{"line":120,"column":2},"end":{"line":123,"column":3}},"type":"if","locations":[{"start":{"line":120,"column":2},"end":{"line":123,"column":3}},{"start":{},"end":{}}],"line":120},"4":{"loc":{"start":{"line":133,"column":13},"end":{"line":133,"column":30}},"type":"binary-expr","locations":[{"start":{"line":133,"column":13},"end":{"line":133,"column":23}},{"start":{"line":133,"column":27},"end":{"line":133,"column":30}}],"line":133},"5":{"loc":{"start":{"line":134,"column":11},"end":{"line":134,"column":56}},"type":"cond-expr","locations":[{"start":{"line":134,"column":19},"end":{"line":134,"column":30}},{"start":{"line":134,"column":33},"end":{"line":134,"column":56}}],"line":134},"6":{"loc":{"start":{"line":135,"column":8},"end":{"line":135,"column":37}},"type":"binary-expr","locations":[{"start":{"line":135,"column":8},"end":{"line":135,"column":13}},{"start":{"line":135,"column":17},"end":{"line":135,"column":37}}],"line":135}},"s":{"0":5,"1":5,"2":5,"3":5,"4":5,"5":5,"6":5,"7":5,"8":5,"9":5,"10":5,"11":5,"12":5,"13":5,"14":5,"15":5,"16":5,"17":5,"18":5,"19":5,"20":5,"21":5,"22":5,"23":0,"24":0,"25":0,"26":5,"27":5,"28":5,"29":5,"30":5,"31":5,"32":5,"33":5,"34":5,"35":5,"36":5,"37":5,"38":5,"39":5,"40":5,"41":5,"42":5,"43":5,"44":5,"45":5,"46":5,"47":5,"48":0,"49":5,"50":0,"51":0,"52":0,"53":0,"54":5,"55":0,"56":0,"57":0,"58":5},"f":{"0":0,"1":0,"2":0,"3":0},"b":{"0":[5,0],"1":[5,0],"2":[0,0],"3":[0,0],"4":[0,0],"5":[0,0],"6":[0,0]},"_coverageSchema":"1a1c01bbd47fc00a2c39e90264f33305004495a9","hash":"1a349137436381b858c8f55e48cf74fa1ce8c205"}
,"/Users/cassandrapeterson/sparkle-bows-backend/cloudinaryConfig.js": {"path":"/Users/cassandrapeterson/sparkle-bows-backend/cloudinaryConfig.js","statementMap":{"0":{"start":{"line":1,"column":19},"end":{"line":1,"column":43}},"1":{"start":{"line":3,"column":0},"end":{"line":7,"column":3}},"2":{"start":{"line":9,"column":0},"end":{"line":9,"column":28}}},"fnMap":{},"branchMap":{},"s":{"0":5,"1":5,"2":5},"f":{},"b":{},"_coverageSchema":"1a1c01bbd47fc00a2c39e90264f33305004495a9","hash":"ff870505750a98570f89a3d50ffcfee6b376764b"}
,"/Users/cassandrapeterson/sparkle-bows-backend/logger.js": {"path":"/Users/cassandrapeterson/sparkle-bows-backend/logger.js","statementMap":{"0":{"start":{"line":1,"column":45},"end":{"line":1,"column":63}},"1":{"start":{"line":2,"column":45},"end":{"line":2,"column":51}},"2":{"start":{"line":4,"column":22},"end":{"line":6,"column":2}},"3":{"start":{"line":5,"column":2},"end":{"line":5,"column":59}},"4":{"start":{"line":8,"column":15},"end":{"line":22,"column":2}},"5":{"start":{"line":24,"column":0},"end":{"line":24,"column":24}}},"fnMap":{"0":{"name":"(anonymous_0)","decl":{"start":{"line":4,"column":29},"end":{"line":4,"column":30}},"loc":{"start":{"line":4,"column":64},"end":{"line":6,"column":1}},"line":4}},"branchMap":{"0":{"loc":{"start":{"line":9,"column":9},"end":{"line":9,"column":40}},"type":"binary-expr","locations":[{"start":{"line":9,"column":9},"end":{"line":9,"column":30}},{"start":{"line":9,"column":34},"end":{"line":9,"column":40}}],"line":9}},"s":{"0":3,"1":3,"2":3,"3":17,"4":3,"5":3},"f":{"0":17},"b":{"0":[3,3]},"_coverageSchema":"1a1c01bbd47fc00a2c39e90264f33305004495a9","hash":"eff7293f665ae7b39dbfdb631e3c13dd71d709a0"}
,"/Users/cassandrapeterson/sparkle-bows-backend/controllers/productController.js": {"path":"/Users/cassandrapeterson/sparkle-bows-backend/controllers/productController.js","statementMap":{"0":{"start":{"line":1,"column":16},"end":{"line":1,"column":49}},"1":{"start":{"line":4,"column":0},"end":{"line":12,"column":2}},"2":{"start":{"line":5,"column":2},"end":{"line":11,"column":3}},"3":{"start":{"line":6,"column":21},"end":{"line":6,"column":41}},"4":{"start":{"line":7,"column":4},"end":{"line":7,"column":23}},"5":{"start":{"line":9,"column":4},"end":{"line":9,"column":50}},"6":{"start":{"line":10,"column":4},"end":{"line":10,"column":52}},"7":{"start":{"line":15,"column":0},"end":{"line":25,"column":2}},"8":{"start":{"line":16,"column":2},"end":{"line":24,"column":3}},"9":{"start":{"line":17,"column":20},"end":{"line":17,"column":57}},"10":{"start":{"line":18,"column":4},"end":{"line":19,"column":66}},"11":{"start":{"line":19,"column":6},"end":{"line":19,"column":66}},"12":{"start":{"line":20,"column":4},"end":{"line":20,"column":22}},"13":{"start":{"line":22,"column":4},"end":{"line":22,"column":55}},"14":{"start":{"line":23,"column":4},"end":{"line":23,"column":52}},"15":{"start":{"line":28,"column":0},"end":{"line":52,"column":2}},"16":{"start":{"line":29,"column":2},"end":{"line":51,"column":3}},"17":{"start":{"line":30,"column":19},"end":{"line":30,"column":29}},"18":{"start":{"line":31,"column":39},"end":{"line":31,"column":47}},"19":{"start":{"line":33,"column":20},"end":{"line":33,"column":46}},"20":{"start":{"line":34,"column":4},"end":{"line":35,"column":66}},"21":{"start":{"line":35,"column":6},"end":{"line":35,"column":66}},"22":{"start":{"line":37,"column":19},"end":{"line":42,"column":5}},"23":{"start":{"line":44,"column":4},"end":{"line":44,"column":33}},"24":{"start":{"line":45,"column":4},"end":{"line":45,"column":25}},"25":{"start":{"line":47,"column":4},"end":{"line":47,"column":33}},"26":{"start":{"line":49,"column":4},"end":{"line":49,"column":47}},"27":{"start":{"line":50,"column":4},"end":{"line":50,"column":60}},"28":{"start":{"line":55,"column":0},"end":{"line":108,"column":2}},"29":{"start":{"line":56,"column":2},"end":{"line":107,"column":3}},"30":{"start":{"line":72,"column":8},"end":{"line":72,"column":16}},"31":{"start":{"line":75,"column":4},"end":{"line":79,"column":5}},"32":{"start":{"line":76,"column":6},"end":{"line":78,"column":9}},"33":{"start":{"line":81,"column":26},"end":{"line":81,"column":46}},"34":{"start":{"line":83,"column":20},"end":{"line":100,"column":6}},"35":{"start":{"line":102,"column":25},"end":{"line":102,"column":45}},"36":{"start":{"line":103,"column":4},"end":{"line":103,"column":39}},"37":{"start":{"line":105,"column":4},"end":{"line":105,"column":50}},"38":{"start":{"line":106,"column":4},"end":{"line":106,"column":52}},"39":{"start":{"line":111,"column":0},"end":{"line":184,"column":2}},"40":{"start":{"line":112,"column":2},"end":{"line":183,"column":3}},"41":{"start":{"line":113,"column":20},"end":{"line":113,"column":57}},"42":{"start":{"line":114,"column":4},"end":{"line":115,"column":66}},"43":{"start":{"line":115,"column":6},"end":{"line":115,"column":66}},"44":{"start":{"line":132,"column":8},"end":{"line":132,"column":16}},"45":{"start":{"line":135,"column":4},"end":{"line":143,"column":5}},"46":{"start":{"line":140,"column":6},"end":{"line":142,"column":9}},"47":{"start":{"line":145,"column":4},"end":{"line":145,"column":40}},"48":{"start":{"line":146,"column":4},"end":{"line":146,"column":43}},"49":{"start":{"line":147,"column":4},"end":{"line":147,"column":61}},"50":{"start":{"line":148,"column":4},"end":{"line":149,"column":49}},"51":{"start":{"line":150,"column":4},"end":{"line":150,"column":52}},"52":{"start":{"line":151,"column":4},"end":{"line":151,"column":70}},"53":{"start":{"line":152,"column":4},"end":{"line":152,"column":61}},"54":{"start":{"line":155,"column":4},"end":{"line":157,"column":5}},"55":{"start":{"line":156,"column":6},"end":{"line":156,"column":34}},"56":{"start":{"line":160,"column":4},"end":{"line":160,"column":46}},"57":{"start":{"line":162,"column":4},"end":{"line":162,"column":55}},"58":{"start":{"line":163,"column":4},"end":{"line":163,"column":64}},"59":{"start":{"line":164,"column":4},"end":{"line":165,"column":57}},"60":{"start":{"line":168,"column":4},"end":{"line":170,"column":5}},"61":{"start":{"line":169,"column":6},"end":{"line":169,"column":34}},"62":{"start":{"line":171,"column":4},"end":{"line":173,"column":5}},"63":{"start":{"line":172,"column":6},"end":{"line":172,"column":38}},"64":{"start":{"line":174,"column":4},"end":{"line":176,"column":5}},"65":{"start":{"line":175,"column":6},"end":{"line":175,"column":38}},"66":{"start":{"line":178,"column":27},"end":{"line":178,"column":47}},"67":{"start":{"line":179,"column":4},"end":{"line":179,"column":29}},"68":{"start":{"line":181,"column":4},"end":{"line":181,"column":50}},"69":{"start":{"line":182,"column":4},"end":{"line":182,"column":52}},"70":{"start":{"line":187,"column":0},"end":{"line":198,"column":2}},"71":{"start":{"line":188,"column":2},"end":{"line":197,"column":3}},"72":{"start":{"line":189,"column":20},"end":{"line":189,"column":66}},"73":{"start":{"line":190,"column":4},"end":{"line":191,"column":66}},"74":{"start":{"line":191,"column":6},"end":{"line":191,"column":66}},"75":{"start":{"line":193,"column":4},"end":{"line":193,"column":67}},"76":{"start":{"line":195,"column":4},"end":{"line":195,"column":50}},"77":{"start":{"line":196,"column":4},"end":{"line":196,"column":52}}},"fnMap":{"0":{"name":"(anonymous_0)","decl":{"start":{"line":4,"column":22},"end":{"line":4,"column":23}},"loc":{"start":{"line":4,"column":42},"end":{"line":12,"column":1}},"line":4},"1":{"name":"(anonymous_1)","decl":{"start":{"line":15,"column":25},"end":{"line":15,"column":26}},"loc":{"start":{"line":15,"column":45},"end":{"line":25,"column":1}},"line":15},"2":{"name":"(anonymous_2)","decl":{"start":{"line":28,"column":20},"end":{"line":28,"column":21}},"loc":{"start":{"line":28,"column":40},"end":{"line":52,"column":1}},"line":28},"3":{"name":"(anonymous_3)","decl":{"start":{"line":55,"column":24},"end":{"line":55,"column":25}},"loc":{"start":{"line":55,"column":44},"end":{"line":108,"column":1}},"line":55},"4":{"name":"(anonymous_4)","decl":{"start":{"line":111,"column":24},"end":{"line":111,"column":25}},"loc":{"start":{"line":111,"column":44},"end":{"line":184,"column":1}},"line":111},"5":{"name":"(anonymous_5)","decl":{"start":{"line":187,"column":24},"end":{"line":187,"column":25}},"loc":{"start":{"line":187,"column":44},"end":{"line":198,"column":1}},"line":187}},"branchMap":{"0":{"loc":{"start":{"line":18,"column":4},"end":{"line":19,"column":66}},"type":"if","locations":[{"start":{"line":18,"column":4},"end":{"line":19,"column":66}},{"start":{},"end":{}}],"line":18},"1":{"loc":{"start":{"line":34,"column":4},"end":{"line":35,"column":66}},"type":"if","locations":[{"start":{"line":34,"column":4},"end":{"line":35,"column":66}},{"start":{},"end":{}}],"line":34},"2":{"loc":{"start":{"line":75,"column":4},"end":{"line":79,"column":5}},"type":"if","locations":[{"start":{"line":75,"column":4},"end":{"line":79,"column":5}},{"start":{},"end":{}}],"line":75},"3":{"loc":{"start":{"line":96,"column":16},"end":{"line":96,"column":33}},"type":"binary-expr","locations":[{"start":{"line":96,"column":16},"end":{"line":96,"column":24}},{"start":{"line":96,"column":28},"end":{"line":96,"column":33}}],"line":96},"4":{"loc":{"start":{"line":97,"column":18},"end":{"line":97,"column":37}},"type":"binary-expr","locations":[{"start":{"line":97,"column":18},"end":{"line":97,"column":28}},{"start":{"line":97,"column":32},"end":{"line":97,"column":37}}],"line":97},"5":{"loc":{"start":{"line":98,"column":18},"end":{"line":98,"column":37}},"type":"binary-expr","locations":[{"start":{"line":98,"column":18},"end":{"line":98,"column":28}},{"start":{"line":98,"column":32},"end":{"line":98,"column":37}}],"line":98},"6":{"loc":{"start":{"line":114,"column":4},"end":{"line":115,"column":66}},"type":"if","locations":[{"start":{"line":114,"column":4},"end":{"line":115,"column":66}},{"start":{},"end":{}}],"line":114},"7":{"loc":{"start":{"line":135,"column":4},"end":{"line":143,"column":5}},"type":"if","locations":[{"start":{"line":135,"column":4},"end":{"line":143,"column":5}},{"start":{},"end":{}}],"line":135},"8":{"loc":{"start":{"line":136,"column":6},"end":{"line":138,"column":26}},"type":"binary-expr","locations":[{"start":{"line":136,"column":6},"end":{"line":136,"column":25}},{"start":{"line":137,"column":6},"end":{"line":137,"column":32}},{"start":{"line":138,"column":6},"end":{"line":138,"column":26}}],"line":136},"9":{"loc":{"start":{"line":145,"column":19},"end":{"line":145,"column":39}},"type":"binary-expr","locations":[{"start":{"line":145,"column":19},"end":{"line":145,"column":23}},{"start":{"line":145,"column":27},"end":{"line":145,"column":39}}],"line":145},"10":{"loc":{"start":{"line":146,"column":20},"end":{"line":146,"column":42}},"type":"binary-expr","locations":[{"start":{"line":146,"column":20},"end":{"line":146,"column":25}},{"start":{"line":146,"column":29},"end":{"line":146,"column":42}}],"line":146},"11":{"loc":{"start":{"line":147,"column":26},"end":{"line":147,"column":60}},"type":"binary-expr","locations":[{"start":{"line":147,"column":26},"end":{"line":147,"column":37}},{"start":{"line":147,"column":41},"end":{"line":147,"column":60}}],"line":147},"12":{"loc":{"start":{"line":149,"column":6},"end":{"line":149,"column":48}},"type":"binary-expr","locations":[{"start":{"line":149,"column":6},"end":{"line":149,"column":21}},{"start":{"line":149,"column":25},"end":{"line":149,"column":48}}],"line":149},"13":{"loc":{"start":{"line":150,"column":23},"end":{"line":150,"column":51}},"type":"binary-expr","locations":[{"start":{"line":150,"column":23},"end":{"line":150,"column":31}},{"start":{"line":150,"column":35},"end":{"line":150,"column":51}}],"line":150},"14":{"loc":{"start":{"line":151,"column":29},"end":{"line":151,"column":69}},"type":"binary-expr","locations":[{"start":{"line":151,"column":29},"end":{"line":151,"column":43}},{"start":{"line":151,"column":47},"end":{"line":151,"column":69}}],"line":151},"15":{"loc":{"start":{"line":152,"column":26},"end":{"line":152,"column":60}},"type":"binary-expr","locations":[{"start":{"line":152,"column":26},"end":{"line":152,"column":37}},{"start":{"line":152,"column":41},"end":{"line":152,"column":60}}],"line":152},"16":{"loc":{"start":{"line":155,"column":4},"end":{"line":157,"column":5}},"type":"if","locations":[{"start":{"line":155,"column":4},"end":{"line":157,"column":5}},{"start":{},"end":{}}],"line":155},"17":{"loc":{"start":{"line":160,"column":21},"end":{"line":160,"column":45}},"type":"binary-expr","locations":[{"start":{"line":160,"column":21},"end":{"line":160,"column":27}},{"start":{"line":160,"column":31},"end":{"line":160,"column":45}}],"line":160},"18":{"loc":{"start":{"line":162,"column":24},"end":{"line":162,"column":54}},"type":"binary-expr","locations":[{"start":{"line":162,"column":24},"end":{"line":162,"column":33}},{"start":{"line":162,"column":37},"end":{"line":162,"column":54}}],"line":162},"19":{"loc":{"start":{"line":163,"column":27},"end":{"line":163,"column":63}},"type":"binary-expr","locations":[{"start":{"line":163,"column":27},"end":{"line":163,"column":39}},{"start":{"line":163,"column":43},"end":{"line":163,"column":63}}],"line":163},"20":{"loc":{"start":{"line":165,"column":7},"end":{"line":165,"column":25}},"type":"binary-expr","locations":[{"start":{"line":165,"column":7},"end":{"line":165,"column":20}},{"start":{"line":165,"column":24},"end":{"line":165,"column":25}}],"line":165},"21":{"loc":{"start":{"line":165,"column":30},"end":{"line":165,"column":55}},"type":"binary-expr","locations":[{"start":{"line":165,"column":30},"end":{"line":165,"column":50}},{"start":{"line":165,"column":54},"end":{"line":165,"column":55}}],"line":165},"22":{"loc":{"start":{"line":168,"column":4},"end":{"line":170,"column":5}},"type":"if","locations":[{"start":{"line":168,"column":4},"end":{"line":170,"column":5}},{"start":{},"end":{}}],"line":168},"23":{"loc":{"start":{"line":171,"column":4},"end":{"line":173,"column":5}},"type":"if","locations":[{"start":{"line":171,"column":4},"end":{"line":173,"column":5}},{"start":{},"end":{}}],"line":171},"24":{"loc":{"start":{"line":174,"column":4},"end":{"line":176,"column":5}},"type":"if","locations":[{"start":{"line":174,"column":4},"end":{"line":176,"column":5}},{"start":{},"end":{}}],"line":174},"25":{"loc":{"start":{"line":190,"column":4},"end":{"line":191,"column":66}},"type":"if","locations":[{"start":{"line":190,"column":4},"end":{"line":191,"column":66}},{"start":{},"end":{}}],"line":190}},"s":{"0":5,"1":5,"2":1,"3":1,"4":1,"5":0,"6":0,"7":5,"8":0,"9":0,"10":0,"11":0,"12":0,"13":0,"14":0,"15":5,"16":0,"17":0,"18":0,"19":0,"20":0,"21":0,"22":0,"23":0,"24":0,"25":0,"26":0,"27":0,"28":5,"29":0,"30":0,"31":0,"32":0,"33":0,"34":0,"35":0,"36":0,"37":0,"38":0,"39":5,"40":0,"41":0,"42":0,"43":0,"44":0,"45":0,"46":0,"47":0,"48":0,"49":0,"50":0,"51":0,"52":0,"53":0,"54":0,"55":0,"56":0,"57":0,"58":0,"59":0,"60":0,"61":0,"62":0,"63":0,"64":0,"65":0,"66":0,"67":0,"68":0,"69":0,"70":5,"71":0,"72":0,"73":0,"74":0,"75":0,"76":0,"77":0},"f":{"0":1,"1":0,"2":0,"3":0,"4":0,"5":0},"b":{"0":[0,0],"1":[0,0],"2":[0,0],"3":[0,0],"4":[0,0],"5":[0,0],"6":[0,0],"7":[0,0],"8":[0,0,0],"9":[0,0],"10":[0,0],"11":[0,0],"12":[0,0],"13":[0,0],"14":[0,0],"15":[0,0],"16":[0,0],"17":[0,0],"18":[0,0],"19":[0,0],"20":[0,0],"21":[0,0],"22":[0,0],"23":[0,0],"24":[0,0],"25":[0,0]},"_coverageSchema":"1a1c01bbd47fc00a2c39e90264f33305004495a9","hash":"a2de8598e198003c9ae60d36a61360e053d05e75"}
,"/Users/cassandrapeterson/sparkle-bows-backend/middleware/auth.js": {"path":"/Users/cassandrapeterson/sparkle-bows-backend/middleware/auth.js","statementMap":{"0":{"start":{"line":1,"column":12},"end":{"line":1,"column":35}},"1":{"start":{"line":2,"column":15},"end":{"line":2,"column":35}},"2":{"start":{"line":4,"column":19},"end":{"line":4,"column":41}},"3":{"start":{"line":9,"column":20},"end":{"line":31,"column":1}},"4":{"start":{"line":10,"column":2},"end":{"line":30,"column":3}},"5":{"start":{"line":11,"column":23},"end":{"line":11,"column":48}},"6":{"start":{"line":13,"column":4},"end":{"line":15,"column":5}},"7":{"start":{"line":14,"column":6},"end":{"line":14,"column":66}},"8":{"start":{"line":16,"column":18},"end":{"line":16,"column":42}},"9":{"start":{"line":18,"column":20},"end":{"line":18,"column":49}},"10":{"start":{"line":20,"column":4},"end":{"line":20,"column":22}},"11":{"start":{"line":22,"column":4},"end":{"line":22,"column":11}},"12":{"start":{"line":24,"column":4},"end":{"line":27,"column":5}},"13":{"start":{"line":25,"column":6},"end":{"line":25,"column":69}},"14":{"start":{"line":26,"column":6},"end":{"line":26,"column":62}},"15":{"start":{"line":28,"column":4},"end":{"line":28,"column":67}},"16":{"start":{"line":29,"column":4},"end":{"line":29,"column":60}},"17":{"start":{"line":36,"column":20},"end":{"line":43,"column":1}},"18":{"start":{"line":37,"column":2},"end":{"line":37,"column":83}},"19":{"start":{"line":37,"column":17},"end":{"line":37,"column":83}},"20":{"start":{"line":38,"column":2},"end":{"line":41,"column":3}},"21":{"start":{"line":39,"column":4},"end":{"line":39,"column":76}},"22":{"start":{"line":40,"column":4},"end":{"line":40,"column":68}},"23":{"start":{"line":42,"column":2},"end":{"line":42,"column":9}},"24":{"start":{"line":48,"column":21},"end":{"line":59,"column":1}},"25":{"start":{"line":49,"column":2},"end":{"line":57,"column":3}},"26":{"start":{"line":50,"column":23},"end":{"line":50,"column":48}},"27":{"start":{"line":51,"column":4},"end":{"line":54,"column":5}},"28":{"start":{"line":52,"column":20},"end":{"line":52,"column":44}},"29":{"start":{"line":53,"column":6},"end":{"line":53,"column":47}},"30":{"start":{"line":56,"column":4},"end":{"line":56,"column":67}},"31":{"start":{"line":58,"column":2},"end":{"line":58,"column":9}},"32":{"start":{"line":61,"column":0},"end":{"line":61,"column":79}}},"fnMap":{"0":{"name":"(anonymous_0)","decl":{"start":{"line":9,"column":20},"end":{"line":9,"column":21}},"loc":{"start":{"line":9,"column":40},"end":{"line":31,"column":1}},"line":9},"1":{"name":"(anonymous_1)","decl":{"start":{"line":36,"column":20},"end":{"line":36,"column":21}},"loc":{"start":{"line":36,"column":40},"end":{"line":43,"column":1}},"line":36},"2":{"name":"(anonymous_2)","decl":{"start":{"line":48,"column":21},"end":{"line":48,"column":22}},"loc":{"start":{"line":48,"column":41},"end":{"line":59,"column":1}},"line":48}},"branchMap":{"0":{"loc":{"start":{"line":13,"column":4},"end":{"line":15,"column":5}},"type":"if","locations":[{"start":{"line":13,"column":4},"end":{"line":15,"column":5}},{"start":{},"end":{}}],"line":13},"1":{"loc":{"start":{"line":13,"column":8},"end":{"line":13,"column":56}},"type":"binary-expr","locations":[{"start":{"line":13,"column":8},"end":{"line":13,"column":19}},{"start":{"line":13,"column":23},"end":{"line":13,"column":56}}],"line":13},"2":{"loc":{"start":{"line":24,"column":4},"end":{"line":27,"column":5}},"type":"if","locations":[{"start":{"line":24,"column":4},"end":{"line":27,"column":5}},{"start":{},"end":{}}],"line":24},"3":{"loc":{"start":{"line":37,"column":2},"end":{"line":37,"column":83}},"type":"if","locations":[{"start":{"line":37,"column":2},"end":{"line":37,"column":83}},{"start":{},"end":{}}],"line":37},"4":{"loc":{"start":{"line":38,"column":2},"end":{"line":41,"column":3}},"type":"if","locations":[{"start":{"line":38,"column":2},"end":{"line":41,"column":3}},{"start":{},"end":{}}],"line":38},"5":{"loc":{"start":{"line":51,"column":4},"end":{"line":54,"column":5}},"type":"if","locations":[{"start":{"line":51,"column":4},"end":{"line":54,"column":5}},{"start":{},"end":{}}],"line":51},"6":{"loc":{"start":{"line":51,"column":8},"end":{"line":51,"column":54}},"type":"binary-expr","locations":[{"start":{"line":51,"column":8},"end":{"line":51,"column":18}},{"start":{"line":51,"column":22},"end":{"line":51,"column":54}}],"line":51}},"s":{"0":5,"1":5,"2":5,"3":5,"4":2,"5":2,"6":2,"7":1,"8":1,"9":1,"10":1,"11":1,"12":0,"13":0,"14":0,"15":0,"16":0,"17":5,"18":0,"19":0,"20":0,"21":0,"22":0,"23":0,"24":5,"25":2,"26":2,"27":2,"28":0,"29":0,"30":0,"31":2,"32":5},"f":{"0":2,"1":0,"2":2},"b":{"0":[1,1],"1":[2,1],"2":[0,0],"3":[0,0],"4":[0,0],"5":[0,2],"6":[2,0]},"_coverageSchema":"1a1c01bbd47fc00a2c39e90264f33305004495a9","hash":"a583cd429c09d59390bb11959018c347b649aa81"}
,"/Users/cassandrapeterson/sparkle-bows-backend/middleware/morganLogger.js": {"path":"/Users/cassandrapeterson/sparkle-bows-backend/middleware/morganLogger.js","statementMap":{"0":{"start":{"line":1,"column":15},"end":{"line":1,"column":32}},"1":{"start":{"line":2,"column":15},"end":{"line":2,"column":35}},"2":{"start":{"line":4,"column":15},"end":{"line":6,"column":1}},"3":{"start":{"line":5,"column":22},"end":{"line":5,"column":49}},"4":{"start":{"line":8,"column":25},"end":{"line":8,"column":55}},"5":{"start":{"line":10,"column":0},"end":{"line":10,"column":34}}},"fnMap":{"0":{"name":"(anonymous_0)","decl":{"start":{"line":5,"column":9},"end":{"line":5,"column":10}},"loc":{"start":{"line":5,"column":22},"end":{"line":5,"column":49}},"line":5}},"branchMap":{},"s":{"0":5,"1":5,"2":5,"3":18,"4":5,"5":5},"f":{"0":18},"b":{},"_coverageSchema":"1a1c01bbd47fc00a2c39e90264f33305004495a9","hash":"1bb00676a87d79ba66f7b3ef9683bf6b2f7f9fef"}
,"/Users/cassandrapeterson/sparkle-bows-backend/middleware/rateLimit.js": {"path":"/Users/cassandrapeterson/sparkle-bows-backend/middleware/rateLimit.js","statementMap":{"0":{"start":{"line":2,"column":18},"end":{"line":2,"column":47}},"1":{"start":{"line":5,"column":19},"end":{"line":9,"column":1}},"2":{"start":{"line":12,"column":23},"end":{"line":23,"column":2}},"3":{"start":{"line":18,"column":4},"end":{"line":21,"column":6}},"4":{"start":{"line":26,"column":20},"end":{"line":32,"column":2}},"5":{"start":{"line":35,"column":28},"end":{"line":41,"column":2}},"6":{"start":{"line":44,"column":20},"end":{"line":49,"column":2}},"7":{"start":{"line":51,"column":23},"end":{"line":56,"column":2}},"8":{"start":{"line":58,"column":21},"end":{"line":63,"column":2}},"9":{"start":{"line":65,"column":0},"end":{"line":72,"column":2}}},"fnMap":{"0":{"name":"(anonymous_0)","decl":{"start":{"line":17,"column":8},"end":{"line":17,"column":9}},"loc":{"start":{"line":17,"column":17},"end":{"line":22,"column":3}},"line":17}},"branchMap":{"0":{"loc":{"start":{"line":19,"column":6},"end":{"line":20,"column":41}},"type":"binary-expr","locations":[{"start":{"line":19,"column":6},"end":{"line":19,"column":42}},{"start":{"line":20,"column":6},"end":{"line":20,"column":41}}],"line":19}},"s":{"0":5,"1":5,"2":5,"3":21,"4":5,"5":5,"6":5,"7":5,"8":5,"9":5},"f":{"0":21},"b":{"0":[21,21]},"_coverageSchema":"1a1c01bbd47fc00a2c39e90264f33305004495a9","hash":"395ec2b2c69242127ac4abac461d97cc376884df"}
,"/Users/cassandrapeterson/sparkle-bows-backend/models/Lead.js": {"path":"/Users/cassandrapeterson/sparkle-bows-backend/models/Lead.js","statementMap":{"0":{"start":{"line":1,"column":17},"end":{"line":1,"column":36}},"1":{"start":{"line":3,"column":19},"end":{"line":28,"column":1}},"2":{"start":{"line":30,"column":0},"end":{"line":30,"column":52}}},"fnMap":{},"branchMap":{},"s":{"0":5,"1":5,"2":5},"f":{},"b":{},"_coverageSchema":"1a1c01bbd47fc00a2c39e90264f33305004495a9","hash":"2f79a3afc536ed4fb35071e9d3d85e99d486ef37"}
,"/Users/cassandrapeterson/sparkle-bows-backend/models/RefreshToken.js": {"path":"/Users/cassandrapeterson/sparkle-bows-backend/models/RefreshToken.js","statementMap":{"0":{"start":{"line":1,"column":17},"end":{"line":1,"column":36}},"1":{"start":{"line":3,"column":27},"end":{"line":9,"column":2}},"2":{"start":{"line":11,"column":0},"end":{"line":11,"column":68}}},"fnMap":{},"branchMap":{},"s":{"0":5,"1":5,"2":5},"f":{},"b":{},"_coverageSchema":"1a1c01bbd47fc00a2c39e90264f33305004495a9","hash":"c1643116ed36ef76da415b9458c7037d37ba5b54"}
,"/Users/cassandrapeterson/sparkle-bows-backend/models/Review.js": {"path":"/Users/cassandrapeterson/sparkle-bows-backend/models/Review.js","statementMap":{"0":{"start":{"line":1,"column":17},"end":{"line":1,"column":36}},"1":{"start":{"line":3,"column":21},"end":{"line":9,"column":2}},"2":{"start":{"line":11,"column":0},"end":{"line":11,"column":56}}},"fnMap":{},"branchMap":{},"s":{"0":5,"1":5,"2":5},"f":{},"b":{},"_coverageSchema":"1a1c01bbd47fc00a2c39e90264f33305004495a9","hash":"b4ff0036165f5c73298486b67411eb07295ed9c3"}
,"/Users/cassandrapeterson/sparkle-bows-backend/models/User.js": {"path":"/Users/cassandrapeterson/sparkle-bows-backend/models/User.js","statementMap":{"0":{"start":{"line":1,"column":17},"end":{"line":1,"column":36}},"1":{"start":{"line":2,"column":15},"end":{"line":2,"column":34}},"2":{"start":{"line":4,"column":22},"end":{"line":16,"column":1}},"3":{"start":{"line":18,"column":38},"end":{"line":24,"column":1}},"4":{"start":{"line":26,"column":19},"end":{"line":95,"column":1}},"5":{"start":{"line":86,"column":22},"end":{"line":86,"column":62}},"6":{"start":{"line":97,"column":0},"end":{"line":102,"column":3}},"7":{"start":{"line":98,"column":2},"end":{"line":98,"column":50}},"8":{"start":{"line":98,"column":36},"end":{"line":98,"column":50}},"9":{"start":{"line":99,"column":15},"end":{"line":99,"column":39}},"10":{"start":{"line":100,"column":2},"end":{"line":100,"column":57}},"11":{"start":{"line":101,"column":2},"end":{"line":101,"column":9}},"12":{"start":{"line":104,"column":0},"end":{"line":106,"column":2}},"13":{"start":{"line":105,"column":2},"end":{"line":105,"column":58}},"14":{"start":{"line":108,"column":0},"end":{"line":108,"column":52}}},"fnMap":{"0":{"name":"(anonymous_0)","decl":{"start":{"line":86,"column":15},"end":{"line":86,"column":16}},"loc":{"start":{"line":86,"column":22},"end":{"line":86,"column":62}},"line":86},"1":{"name":"(anonymous_1)","decl":{"start":{"line":97,"column":23},"end":{"line":97,"column":24}},"loc":{"start":{"line":97,"column":45},"end":{"line":102,"column":1}},"line":97},"2":{"name":"(anonymous_2)","decl":{"start":{"line":104,"column":37},"end":{"line":104,"column":38}},"loc":{"start":{"line":104,"column":72},"end":{"line":106,"column":1}},"line":104}},"branchMap":{"0":{"loc":{"start":{"line":98,"column":2},"end":{"line":98,"column":50}},"type":"if","locations":[{"start":{"line":98,"column":2},"end":{"line":98,"column":50}},{"start":{},"end":{}}],"line":98}},"s":{"0":5,"1":5,"2":5,"3":5,"4":5,"5":3,"6":5,"7":4,"8":1,"9":3,"10":3,"11":3,"12":5,"13":2,"14":5},"f":{"0":3,"1":4,"2":2},"b":{"0":[1,3]},"_coverageSchema":"1a1c01bbd47fc00a2c39e90264f33305004495a9","hash":"6ab9f3fbe54c0e1af786848c14b358487d89431b"}
,"/Users/cassandrapeterson/sparkle-bows-backend/models/cartModel.js": {"path":"/Users/cassandrapeterson/sparkle-bows-backend/models/cartModel.js","statementMap":{"0":{"start":{"line":2,"column":17},"end":{"line":2,"column":36}},"1":{"start":{"line":7,"column":23},"end":{"line":18,"column":2}},"2":{"start":{"line":23,"column":19},"end":{"line":30,"column":1}},"3":{"start":{"line":32,"column":0},"end":{"line":32,"column":52}}},"fnMap":{},"branchMap":{},"s":{"0":5,"1":5,"2":5,"3":5},"f":{},"b":{},"_coverageSchema":"1a1c01bbd47fc00a2c39e90264f33305004495a9","hash":"0cf610d717de3bd16bc2210809de4be9723e912e"}
,"/Users/cassandrapeterson/sparkle-bows-backend/models/expenseModel.js": {"path":"/Users/cassandrapeterson/sparkle-bows-backend/models/expenseModel.js","statementMap":{"0":{"start":{"line":2,"column":17},"end":{"line":2,"column":36}},"1":{"start":{"line":4,"column":22},"end":{"line":33,"column":1}},"2":{"start":{"line":35,"column":0},"end":{"line":35,"column":58}}},"fnMap":{},"branchMap":{},"s":{"0":5,"1":5,"2":5},"f":{},"b":{},"_coverageSchema":"1a1c01bbd47fc00a2c39e90264f33305004495a9","hash":"f622f3d92f3a19ad39ff144aa95fba90865df224"}
,"/Users/cassandrapeterson/sparkle-bows-backend/models/orderModel.js": {"path":"/Users/cassandrapeterson/sparkle-bows-backend/models/orderModel.js","statementMap":{"0":{"start":{"line":1,"column":17},"end":{"line":1,"column":36}},"1":{"start":{"line":3,"column":24},"end":{"line":28,"column":2}},"2":{"start":{"line":30,"column":20},"end":{"line":96,"column":1}},"3":{"start":{"line":98,"column":0},"end":{"line":127,"column":3}},"4":{"start":{"line":99,"column":2},"end":{"line":124,"column":3}},"5":{"start":{"line":108,"column":4},"end":{"line":110,"column":6}},"6":{"start":{"line":109,"column":39},"end":{"line":109,"column":77}},"7":{"start":{"line":112,"column":4},"end":{"line":112,"column":87}},"8":{"start":{"line":114,"column":4},"end":{"line":116,"column":5}},"9":{"start":{"line":115,"column":6},"end":{"line":115,"column":73}},"10":{"start":{"line":118,"column":4},"end":{"line":123,"column":6}},"11":{"start":{"line":126,"column":2},"end":{"line":126,"column":9}},"12":{"start":{"line":129,"column":0},"end":{"line":129,"column":54}}},"fnMap":{"0":{"name":"(anonymous_0)","decl":{"start":{"line":98,"column":24},"end":{"line":98,"column":25}},"loc":{"start":{"line":98,"column":40},"end":{"line":127,"column":1}},"line":98},"1":{"name":"(anonymous_1)","decl":{"start":{"line":109,"column":24},"end":{"line":109,"column":25}},"loc":{"start":{"line":109,"column":39},"end":{"line":109,"column":77}},"line":109}},"branchMap":{"0":{"loc":{"start":{"line":99,"column":2},"end":{"line":124,"column":3}},"type":"if","locations":[{"start":{"line":99,"column":2},"end":{"line":124,"column":3}},{"start":{},"end":{}}],"line":99},"1":{"loc":{"start":{"line":100,"column":4},"end":{"line":106,"column":32}},"type":"binary-expr","locations":[{"start":{"line":100,"column":4},"end":{"line":100,"column":28}},{"start":{"line":101,"column":4},"end":{"line":101,"column":31}},{"start":{"line":102,"column":4},"end":{"line":102,"column":35}},{"start":{"line":103,"column":4},"end":{"line":103,"column":46}},{"start":{"line":104,"column":4},"end":{"line":104,"column":26}},{"start":{"line":105,"column":4},"end":{"line":105,"column":28}},{"start":{"line":106,"column":4},"end":{"line":106,"column":32}}],"line":100},"2":{"loc":{"start":{"line":109,"column":46},"end":{"line":109,"column":60}},"type":"binary-expr","locations":[{"start":{"line":109,"column":46},"end":{"line":109,"column":55}},{"start":{"line":109,"column":59},"end":{"line":109,"column":60}}],"line":109},"3":{"loc":{"start":{"line":114,"column":4},"end":{"line":116,"column":5}},"type":"if","locations":[{"start":{"line":114,"column":4},"end":{"line":116,"column":5}},{"start":{},"end":{}}],"line":114},"4":{"loc":{"start":{"line":121,"column":50},"end":{"line":121,"column":83}},"type":"binary-expr","locations":[{"start":{"line":121,"column":50},"end":{"line":121,"column":78}},{"start":{"line":121,"column":82},"end":{"line":121,"column":83}}],"line":121}},"s":{"0":5,"1":5,"2":5,"3":5,"4":5,"5":4,"6":4,"7":4,"8":4,"9":3,"10":4,"11":5,"12":5},"f":{"0":5,"1":4},"b":{"0":[4,1],"1":[5,2,2,2,2,2,2],"2":[4,0],"3":[3,1],"4":[4,4]},"_coverageSchema":"1a1c01bbd47fc00a2c39e90264f33305004495a9","hash":"4fc85870f7c743b25f07888de1e7de82559405a3"}
,"/Users/cassandrapeterson/sparkle-bows-backend/models/productModel.js": {"path":"/Users/cassandrapeterson/sparkle-bows-backend/models/productModel.js","statementMap":{"0":{"start":{"line":1,"column":17},"end":{"line":1,"column":36}},"1":{"start":{"line":2,"column":19},"end":{"line":2,"column":27}},"2":{"start":{"line":4,"column":21},"end":{"line":9,"column":2}},"3":{"start":{"line":11,"column":20},"end":{"line":14,"column":2}},"4":{"start":{"line":17,"column":19},"end":{"line":23,"column":1}},"5":{"start":{"line":25,"column":22},"end":{"line":53,"column":2}},"6":{"start":{"line":56,"column":0},"end":{"line":56,"column":46}},"7":{"start":{"line":58,"column":0},"end":{"line":58,"column":58}}},"fnMap":{},"branchMap":{},"s":{"0":5,"1":5,"2":5,"3":5,"4":5,"5":5,"6":5,"7":5},"f":{},"b":{},"_coverageSchema":"1a1c01bbd47fc00a2c39e90264f33305004495a9","hash":"bed9edd696b72f7d5dda4e97e896508dd73e7a04"}
,"/Users/cassandrapeterson/sparkle-bows-backend/models/siteSettingsModel.js": {"path":"/Users/cassandrapeterson/sparkle-bows-backend/models/siteSettingsModel.js","statementMap":{"0":{"start":{"line":1,"column":17},"end":{"line":1,"column":36}},"1":{"start":{"line":3,"column":27},"end":{"line":27,"column":1}},"2":{"start":{"line":29,"column":0},"end":{"line":35,"column":2}},"3":{"start":{"line":30,"column":17},"end":{"line":30,"column":37}},"4":{"start":{"line":31,"column":2},"end":{"line":33,"column":3}},"5":{"start":{"line":32,"column":4},"end":{"line":32,"column":37}},"6":{"start":{"line":34,"column":2},"end":{"line":34,"column":18}},"7":{"start":{"line":37,"column":0},"end":{"line":37,"column":68}}},"fnMap":{"0":{"name":"getSingleton","decl":{"start":{"line":29,"column":57},"end":{"line":29,"column":69}},"loc":{"start":{"line":29,"column":72},"end":{"line":35,"column":1}},"line":29}},"branchMap":{"0":{"loc":{"start":{"line":31,"column":2},"end":{"line":33,"column":3}},"type":"if","locations":[{"start":{"line":31,"column":2},"end":{"line":33,"column":3}},{"start":{},"end":{}}],"line":31}},"s":{"0":5,"1":5,"2":5,"3":0,"4":0,"5":0,"6":0,"7":5},"f":{"0":0},"b":{"0":[0,0]},"_coverageSchema":"1a1c01bbd47fc00a2c39e90264f33305004495a9","hash":"d1519fe65c94759f702e352e774c9db19d27ada4"}
,"/Users/cassandrapeterson/sparkle-bows-backend/routes/admin.js": {"path":"/Users/cassandrapeterson/sparkle-bows-backend/routes/admin.js","statementMap":{"0":{"start":{"line":2,"column":16},"end":{"line":2,"column":34}},"1":{"start":{"line":3,"column":14},"end":{"line":3,"column":45}},"2":{"start":{"line":4,"column":16},"end":{"line":4,"column":49}},"3":{"start":{"line":5,"column":13},"end":{"line":5,"column":38}},"4":{"start":{"line":6,"column":16},"end":{"line":6,"column":49}},"5":{"start":{"line":7,"column":37},"end":{"line":7,"column":66}},"6":{"start":{"line":9,"column":15},"end":{"line":9,"column":31}},"7":{"start":{"line":12,"column":0},"end":{"line":12,"column":37}},"8":{"start":{"line":15,"column":0},"end":{"line":301,"column":3}},"9":{"start":{"line":16,"column":2},"end":{"line":300,"column":3}},"10":{"start":{"line":17,"column":27},"end":{"line":17,"column":36}},"11":{"start":{"line":19,"column":21},"end":{"line":19,"column":23}},"12":{"start":{"line":20,"column":4},"end":{"line":24,"column":5}},"13":{"start":{"line":21,"column":6},"end":{"line":21,"column":32}},"14":{"start":{"line":22,"column":6},"end":{"line":22,"column":61}},"15":{"start":{"line":22,"column":17},"end":{"line":22,"column":61}},"16":{"start":{"line":23,"column":6},"end":{"line":23,"column":59}},"17":{"start":{"line":23,"column":17},"end":{"line":23,"column":59}},"18":{"start":{"line":27,"column":35},"end":{"line":27,"column":73}},"19":{"start":{"line":29,"column":28},"end":{"line":32,"column":5}},"20":{"start":{"line":34,"column":24},"end":{"line":34,"column":67}},"21":{"start":{"line":36,"column":26},"end":{"line":39,"column":6}},"22":{"start":{"line":40,"column":25},"end":{"line":40,"column":53}},"23":{"start":{"line":42,"column":22},"end":{"line":45,"column":6}},"24":{"start":{"line":46,"column":30},"end":{"line":46,"column":54}},"25":{"start":{"line":48,"column":27},"end":{"line":51,"column":6}},"26":{"start":{"line":52,"column":35},"end":{"line":52,"column":64}},"27":{"start":{"line":54,"column":32},"end":{"line":57,"column":6}},"28":{"start":{"line":58,"column":31},"end":{"line":58,"column":65}},"29":{"start":{"line":60,"column":29},"end":{"line":63,"column":6}},"30":{"start":{"line":64,"column":28},"end":{"line":64,"column":59}},"31":{"start":{"line":67,"column":16},"end":{"line":67,"column":64}},"32":{"start":{"line":70,"column":27},"end":{"line":72,"column":5}},"33":{"start":{"line":71,"column":15},"end":{"line":71,"column":25}},"34":{"start":{"line":74,"column":30},"end":{"line":74,"column":32}},"35":{"start":{"line":75,"column":4},"end":{"line":79,"column":5}},"36":{"start":{"line":76,"column":6},"end":{"line":76,"column":34}},"37":{"start":{"line":77,"column":6},"end":{"line":77,"column":63}},"38":{"start":{"line":77,"column":17},"end":{"line":77,"column":63}},"39":{"start":{"line":78,"column":6},"end":{"line":78,"column":59}},"40":{"start":{"line":78,"column":15},"end":{"line":78,"column":59}},"41":{"start":{"line":81,"column":21},"end":{"line":81,"column":58}},"42":{"start":{"line":82,"column":26},"end":{"line":82,"column":84}},"43":{"start":{"line":82,"column":60},"end":{"line":82,"column":80}},"44":{"start":{"line":83,"column":27},"end":{"line":86,"column":10}},"45":{"start":{"line":84,"column":6},"end":{"line":84,"column":68}},"46":{"start":{"line":85,"column":6},"end":{"line":85,"column":17}},"47":{"start":{"line":89,"column":32},"end":{"line":92,"column":6}},"48":{"start":{"line":93,"column":31},"end":{"line":93,"column":89}},"49":{"start":{"line":93,"column":65},"end":{"line":93,"column":81}},"50":{"start":{"line":95,"column":6},"end":{"line":97,"column":11}},"51":{"start":{"line":100,"column":22},"end":{"line":104,"column":6}},"52":{"start":{"line":105,"column":19},"end":{"line":105,"column":44}},"53":{"start":{"line":108,"column":25},"end":{"line":129,"column":6}},"54":{"start":{"line":132,"column":27},"end":{"line":143,"column":6}},"55":{"start":{"line":146,"column":31},"end":{"line":173,"column":6}},"56":{"start":{"line":175,"column":24},"end":{"line":175,"column":54}},"57":{"start":{"line":178,"column":25},"end":{"line":181,"column":34}},"58":{"start":{"line":184,"column":26},"end":{"line":184,"column":36}},"59":{"start":{"line":185,"column":4},"end":{"line":185,"column":56}},"60":{"start":{"line":187,"column":31},"end":{"line":190,"column":34}},"61":{"start":{"line":192,"column":26},"end":{"line":192,"column":28}},"62":{"start":{"line":193,"column":4},"end":{"line":201,"column":7}},"63":{"start":{"line":194,"column":22},"end":{"line":194,"column":68}},"64":{"start":{"line":195,"column":6},"end":{"line":197,"column":7}},"65":{"start":{"line":196,"column":8},"end":{"line":196,"column":85}},"66":{"start":{"line":198,"column":6},"end":{"line":198,"column":52}},"67":{"start":{"line":199,"column":6},"end":{"line":199,"column":41}},"68":{"start":{"line":200,"column":6},"end":{"line":200,"column":70}},"69":{"start":{"line":203,"column":23},"end":{"line":205,"column":5}},"70":{"start":{"line":204,"column":16},"end":{"line":204,"column":51}},"71":{"start":{"line":208,"column":30},"end":{"line":210,"column":52}},"72":{"start":{"line":210,"column":20},"end":{"line":210,"column":50}},"73":{"start":{"line":212,"column":4},"end":{"line":216,"column":7}},"74":{"start":{"line":213,"column":18},"end":{"line":213,"column":52}},"75":{"start":{"line":214,"column":6},"end":{"line":214,"column":41}},"76":{"start":{"line":215,"column":6},"end":{"line":215,"column":52}},"77":{"start":{"line":219,"column":22},"end":{"line":219,"column":62}},"78":{"start":{"line":220,"column":26},"end":{"line":223,"column":34}},"79":{"start":{"line":225,"column":23},"end":{"line":225,"column":25}},"80":{"start":{"line":226,"column":23},"end":{"line":226,"column":96}},"81":{"start":{"line":227,"column":4},"end":{"line":229,"column":7}},"82":{"start":{"line":228,"column":6},"end":{"line":228,"column":69}},"83":{"start":{"line":231,"column":4},"end":{"line":236,"column":7}},"84":{"start":{"line":232,"column":16},"end":{"line":232,"column":64}},"85":{"start":{"line":233,"column":6},"end":{"line":233,"column":43}},"86":{"start":{"line":234,"column":6},"end":{"line":234,"column":32}},"87":{"start":{"line":235,"column":6},"end":{"line":235,"column":61}},"88":{"start":{"line":237,"column":27},"end":{"line":237,"column":52}},"89":{"start":{"line":240,"column":33},"end":{"line":244,"column":6}},"90":{"start":{"line":247,"column":30},"end":{"line":249,"column":5}},"91":{"start":{"line":248,"column":18},"end":{"line":248,"column":43}},"92":{"start":{"line":250,"column":30},"end":{"line":253,"column":6}},"93":{"start":{"line":254,"column":24},"end":{"line":254,"column":56}},"94":{"start":{"line":255,"column":37},"end":{"line":255,"column":64}},"95":{"start":{"line":256,"column":37},"end":{"line":258,"column":9}},"96":{"start":{"line":259,"column":25},"end":{"line":261,"column":9}},"97":{"start":{"line":263,"column":4},"end":{"line":296,"column":7}},"98":{"start":{"line":298,"column":4},"end":{"line":298,"column":43}},"99":{"start":{"line":299,"column":4},"end":{"line":299,"column":65}},"100":{"start":{"line":304,"column":0},"end":{"line":323,"column":3}},"101":{"start":{"line":305,"column":2},"end":{"line":322,"column":3}},"102":{"start":{"line":306,"column":22},"end":{"line":306,"column":49}},"103":{"start":{"line":307,"column":25},"end":{"line":307,"column":55}},"104":{"start":{"line":308,"column":23},"end":{"line":308,"column":51}},"105":{"start":{"line":309,"column":23},"end":{"line":312,"column":6}},"106":{"start":{"line":313,"column":4},"end":{"line":318,"column":7}},"107":{"start":{"line":320,"column":4},"end":{"line":320,"column":53}},"108":{"start":{"line":321,"column":4},"end":{"line":321,"column":52}},"109":{"start":{"line":326,"column":0},"end":{"line":357,"column":3}},"110":{"start":{"line":327,"column":2},"end":{"line":356,"column":3}},"111":{"start":{"line":328,"column":35},"end":{"line":328,"column":44}},"112":{"start":{"line":329,"column":18},"end":{"line":329,"column":20}},"113":{"start":{"line":330,"column":4},"end":{"line":334,"column":5}},"114":{"start":{"line":331,"column":6},"end":{"line":331,"column":27}},"115":{"start":{"line":332,"column":6},"end":{"line":332,"column":64}},"116":{"start":{"line":332,"column":21},"end":{"line":332,"column":64}},"117":{"start":{"line":333,"column":6},"end":{"line":333,"column":62}},"118":{"start":{"line":333,"column":21},"end":{"line":333,"column":62}},"119":{"start":{"line":335,"column":19},"end":{"line":337,"column":39}},"120":{"start":{"line":339,"column":20},"end":{"line":352,"column":7}},"121":{"start":{"line":339,"column":43},"end":{"line":352,"column":5}},"122":{"start":{"line":353,"column":4},"end":{"line":353,"column":22}},"123":{"start":{"line":355,"column":4},"end":{"line":355,"column":53}},"124":{"start":{"line":360,"column":0},"end":{"line":382,"column":3}},"125":{"start":{"line":361,"column":2},"end":{"line":381,"column":3}},"126":{"start":{"line":362,"column":21},"end":{"line":362,"column":41}},"127":{"start":{"line":363,"column":20},"end":{"line":377,"column":7}},"128":{"start":{"line":363,"column":41},"end":{"line":377,"column":5}},"129":{"start":{"line":378,"column":4},"end":{"line":378,"column":22}},"130":{"start":{"line":380,"column":4},"end":{"line":380,"column":53}},"131":{"start":{"line":385,"column":0},"end":{"line":418,"column":3}},"132":{"start":{"line":386,"column":2},"end":{"line":417,"column":3}},"133":{"start":{"line":387,"column":21},"end":{"line":387,"column":30}},"134":{"start":{"line":388,"column":23},"end":{"line":388,"column":71}},"135":{"start":{"line":390,"column":19},"end":{"line":396,"column":34}},"136":{"start":{"line":398,"column":24},"end":{"line":398,"column":26}},"137":{"start":{"line":399,"column":4},"end":{"line":402,"column":5}},"138":{"start":{"line":399,"column":21},"end":{"line":399,"column":22}},"139":{"start":{"line":400,"column":24},"end":{"line":400,"column":96}},"140":{"start":{"line":401,"column":6},"end":{"line":401,"column":100}},"141":{"start":{"line":404,"column":4},"end":{"line":412,"column":7}},"142":{"start":{"line":405,"column":20},"end":{"line":405,"column":90}},"143":{"start":{"line":406,"column":6},"end":{"line":406,"column":48}},"144":{"start":{"line":407,"column":6},"end":{"line":407,"column":37}},"145":{"start":{"line":408,"column":6},"end":{"line":408,"column":66}},"146":{"start":{"line":409,"column":6},"end":{"line":411,"column":9}},"147":{"start":{"line":410,"column":8},"end":{"line":410,"column":54}},"148":{"start":{"line":414,"column":4},"end":{"line":414,"column":41}},"149":{"start":{"line":416,"column":4},"end":{"line":416,"column":53}},"150":{"start":{"line":420,"column":0},"end":{"line":420,"column":24}}},"fnMap":{"0":{"name":"(anonymous_0)","decl":{"start":{"line":15,"column":25},"end":{"line":15,"column":26}},"loc":{"start":{"line":15,"column":45},"end":{"line":301,"column":1}},"line":15},"1":{"name":"(anonymous_1)","decl":{"start":{"line":71,"column":6},"end":{"line":71,"column":7}},"loc":{"start":{"line":71,"column":15},"end":{"line":71,"column":25}},"line":71},"2":{"name":"(anonymous_2)","decl":{"start":{"line":82,"column":42},"end":{"line":82,"column":43}},"loc":{"start":{"line":82,"column":60},"end":{"line":82,"column":80}},"line":82},"3":{"name":"(anonymous_3)","decl":{"start":{"line":83,"column":43},"end":{"line":83,"column":44}},"loc":{"start":{"line":83,"column":61},"end":{"line":86,"column":5}},"line":83},"4":{"name":"(anonymous_4)","decl":{"start":{"line":93,"column":58},"end":{"line":93,"column":59}},"loc":{"start":{"line":93,"column":65},"end":{"line":93,"column":81}},"line":93},"5":{"name":"(anonymous_5)","decl":{"start":{"line":193,"column":31},"end":{"line":193,"column":32}},"loc":{"start":{"line":193,"column":42},"end":{"line":201,"column":5}},"line":193},"6":{"name":"(anonymous_6)","decl":{"start":{"line":204,"column":6},"end":{"line":204,"column":7}},"loc":{"start":{"line":204,"column":16},"end":{"line":204,"column":51}},"line":204},"7":{"name":"(anonymous_7)","decl":{"start":{"line":210,"column":10},"end":{"line":210,"column":11}},"loc":{"start":{"line":210,"column":20},"end":{"line":210,"column":50}},"line":210},"8":{"name":"(anonymous_8)","decl":{"start":{"line":212,"column":31},"end":{"line":212,"column":32}},"loc":{"start":{"line":212,"column":42},"end":{"line":216,"column":5}},"line":212},"9":{"name":"(anonymous_9)","decl":{"start":{"line":227,"column":23},"end":{"line":227,"column":24}},"loc":{"start":{"line":227,"column":30},"end":{"line":229,"column":5}},"line":227},"10":{"name":"(anonymous_10)","decl":{"start":{"line":231,"column":26},"end":{"line":231,"column":27}},"loc":{"start":{"line":231,"column":37},"end":{"line":236,"column":5}},"line":231},"11":{"name":"(anonymous_11)","decl":{"start":{"line":248,"column":6},"end":{"line":248,"column":7}},"loc":{"start":{"line":248,"column":18},"end":{"line":248,"column":43}},"line":248},"12":{"name":"(anonymous_12)","decl":{"start":{"line":304,"column":21},"end":{"line":304,"column":22}},"loc":{"start":{"line":304,"column":41},"end":{"line":323,"column":1}},"line":304},"13":{"name":"(anonymous_13)","decl":{"start":{"line":326,"column":28},"end":{"line":326,"column":29}},"loc":{"start":{"line":326,"column":48},"end":{"line":357,"column":1}},"line":326},"14":{"name":"(anonymous_14)","decl":{"start":{"line":339,"column":31},"end":{"line":339,"column":32}},"loc":{"start":{"line":339,"column":43},"end":{"line":352,"column":5}},"line":339},"15":{"name":"(anonymous_15)","decl":{"start":{"line":360,"column":31},"end":{"line":360,"column":32}},"loc":{"start":{"line":360,"column":51},"end":{"line":382,"column":1}},"line":360},"16":{"name":"(anonymous_16)","decl":{"start":{"line":363,"column":33},"end":{"line":363,"column":34}},"loc":{"start":{"line":363,"column":41},"end":{"line":377,"column":5}},"line":363},"17":{"name":"(anonymous_17)","decl":{"start":{"line":385,"column":31},"end":{"line":385,"column":32}},"loc":{"start":{"line":385,"column":51},"end":{"line":418,"column":1}},"line":385},"18":{"name":"(anonymous_18)","decl":{"start":{"line":404,"column":19},"end":{"line":404,"column":20}},"loc":{"start":{"line":404,"column":30},"end":{"line":412,"column":5}},"line":404},"19":{"name":"(anonymous_19)","decl":{"start":{"line":409,"column":26},"end":{"line":409,"column":27}},"loc":{"start":{"line":409,"column":36},"end":{"line":411,"column":7}},"line":409}},"branchMap":{"0":{"loc":{"start":{"line":20,"column":4},"end":{"line":24,"column":5}},"type":"if","locations":[{"start":{"line":20,"column":4},"end":{"line":24,"column":5}},{"start":{},"end":{}}],"line":20},"1":{"loc":{"start":{"line":20,"column":8},"end":{"line":20,"column":20}},"type":"binary-expr","locations":[{"start":{"line":20,"column":8},"end":{"line":20,"column":13}},{"start":{"line":20,"column":17},"end":{"line":20,"column":20}}],"line":20},"2":{"loc":{"start":{"line":22,"column":6},"end":{"line":22,"column":61}},"type":"if","locations":[{"start":{"line":22,"column":6},"end":{"line":22,"column":61}},{"start":{},"end":{}}],"line":22},"3":{"loc":{"start":{"line":23,"column":6},"end":{"line":23,"column":59}},"type":"if","locations":[{"start":{"line":23,"column":6},"end":{"line":23,"column":59}},{"start":{},"end":{}}],"line":23},"4":{"loc":{"start":{"line":40,"column":25},"end":{"line":40,"column":53}},"type":"binary-expr","locations":[{"start":{"line":40,"column":25},"end":{"line":40,"column":48}},{"start":{"line":40,"column":52},"end":{"line":40,"column":53}}],"line":40},"5":{"loc":{"start":{"line":46,"column":30},"end":{"line":46,"column":54}},"type":"binary-expr","locations":[{"start":{"line":46,"column":30},"end":{"line":46,"column":49}},{"start":{"line":46,"column":53},"end":{"line":46,"column":54}}],"line":46},"6":{"loc":{"start":{"line":52,"column":35},"end":{"line":52,"column":64}},"type":"binary-expr","locations":[{"start":{"line":52,"column":35},"end":{"line":52,"column":59}},{"start":{"line":52,"column":63},"end":{"line":52,"column":64}}],"line":52},"7":{"loc":{"start":{"line":58,"column":31},"end":{"line":58,"column":65}},"type":"binary-expr","locations":[{"start":{"line":58,"column":31},"end":{"line":58,"column":60}},{"start":{"line":58,"column":64},"end":{"line":58,"column":65}}],"line":58},"8":{"loc":{"start":{"line":64,"column":28},"end":{"line":64,"column":59}},"type":"binary-expr","locations":[{"start":{"line":64,"column":28},"end":{"line":64,"column":54}},{"start":{"line":64,"column":58},"end":{"line":64,"column":59}}],"line":64},"9":{"loc":{"start":{"line":67,"column":16},"end":{"line":67,"column":64}},"type":"cond-expr","locations":[{"start":{"line":67,"column":34},"end":{"line":67,"column":60}},{"start":{"line":67,"column":63},"end":{"line":67,"column":64}}],"line":67},"10":{"loc":{"start":{"line":75,"column":4},"end":{"line":79,"column":5}},"type":"if","locations":[{"start":{"line":75,"column":4},"end":{"line":79,"column":5}},{"start":{},"end":{}}],"line":75},"11":{"loc":{"start":{"line":75,"column":8},"end":{"line":75,"column":20}},"type":"binary-expr","locations":[{"start":{"line":75,"column":8},"end":{"line":75,"column":13}},{"start":{"line":75,"column":17},"end":{"line":75,"column":20}}],"line":75},"12":{"loc":{"start":{"line":77,"column":6},"end":{"line":77,"column":63}},"type":"if","locations":[{"start":{"line":77,"column":6},"end":{"line":77,"column":63}},{"start":{},"end":{}}],"line":77},"13":{"loc":{"start":{"line":78,"column":6},"end":{"line":78,"column":59}},"type":"if","locations":[{"start":{"line":78,"column":6},"end":{"line":78,"column":59}},{"start":{},"end":{}}],"line":78},"14":{"loc":{"start":{"line":84,"column":27},"end":{"line":84,"column":49}},"type":"binary-expr","locations":[{"start":{"line":84,"column":27},"end":{"line":84,"column":44}},{"start":{"line":84,"column":48},"end":{"line":84,"column":49}}],"line":84},"15":{"loc":{"start":{"line":95,"column":6},"end":{"line":97,"column":11}},"type":"cond-expr","locations":[{"start":{"line":96,"column":10},"end":{"line":96,"column":78}},{"start":{"line":97,"column":10},"end":{"line":97,"column":11}}],"line":95},"16":{"loc":{"start":{"line":105,"column":19},"end":{"line":105,"column":44}},"type":"binary-expr","locations":[{"start":{"line":105,"column":19},"end":{"line":105,"column":39}},{"start":{"line":105,"column":43},"end":{"line":105,"column":44}}],"line":105},"17":{"loc":{"start":{"line":195,"column":6},"end":{"line":197,"column":7}},"type":"if","locations":[{"start":{"line":195,"column":6},"end":{"line":197,"column":7}},{"start":{},"end":{}}],"line":195},"18":{"loc":{"start":{"line":200,"column":46},"end":{"line":200,"column":68}},"type":"binary-expr","locations":[{"start":{"line":200,"column":46},"end":{"line":200,"column":63}},{"start":{"line":200,"column":67},"end":{"line":200,"column":68}}],"line":200},"19":{"loc":{"start":{"line":235,"column":37},"end":{"line":235,"column":59}},"type":"binary-expr","locations":[{"start":{"line":235,"column":37},"end":{"line":235,"column":54}},{"start":{"line":235,"column":58},"end":{"line":235,"column":59}}],"line":235},"20":{"loc":{"start":{"line":254,"column":24},"end":{"line":254,"column":56}},"type":"binary-expr","locations":[{"start":{"line":254,"column":24},"end":{"line":254,"column":51}},{"start":{"line":254,"column":55},"end":{"line":254,"column":56}}],"line":254},"21":{"loc":{"start":{"line":256,"column":37},"end":{"line":258,"column":9}},"type":"cond-expr","locations":[{"start":{"line":257,"column":8},"end":{"line":257,"column":39}},{"start":{"line":258,"column":8},"end":{"line":258,"column":9}}],"line":256},"22":{"loc":{"start":{"line":259,"column":25},"end":{"line":261,"column":9}},"type":"cond-expr","locations":[{"start":{"line":260,"column":8},"end":{"line":260,"column":55}},{"start":{"line":261,"column":8},"end":{"line":261,"column":9}}],"line":259},"23":{"loc":{"start":{"line":317,"column":18},"end":{"line":317,"column":43}},"type":"binary-expr","locations":[{"start":{"line":317,"column":18},"end":{"line":317,"column":38}},{"start":{"line":317,"column":42},"end":{"line":317,"column":43}}],"line":317},"24":{"loc":{"start":{"line":330,"column":4},"end":{"line":334,"column":5}},"type":"if","locations":[{"start":{"line":330,"column":4},"end":{"line":334,"column":5}},{"start":{},"end":{}}],"line":330},"25":{"loc":{"start":{"line":330,"column":8},"end":{"line":330,"column":28}},"type":"binary-expr","locations":[{"start":{"line":330,"column":8},"end":{"line":330,"column":17}},{"start":{"line":330,"column":21},"end":{"line":330,"column":28}}],"line":330},"26":{"loc":{"start":{"line":332,"column":6},"end":{"line":332,"column":64}},"type":"if","locations":[{"start":{"line":332,"column":6},"end":{"line":332,"column":64}},{"start":{},"end":{}}],"line":332},"27":{"loc":{"start":{"line":333,"column":6},"end":{"line":333,"column":62}},"type":"if","locations":[{"start":{"line":333,"column":6},"end":{"line":333,"column":62}},{"start":{},"end":{}}],"line":333},"28":{"loc":{"start":{"line":342,"column":16},"end":{"line":342,"column":67}},"type":"binary-expr","locations":[{"start":{"line":342,"column":16},"end":{"line":342,"column":34}},{"start":{"line":342,"column":38},"end":{"line":342,"column":56}},{"start":{"line":342,"column":60},"end":{"line":342,"column":67}}],"line":342},"29":{"loc":{"start":{"line":343,"column":13},"end":{"line":343,"column":61}},"type":"binary-expr","locations":[{"start":{"line":343,"column":13},"end":{"line":343,"column":32}},{"start":{"line":343,"column":36},"end":{"line":343,"column":55}},{"start":{"line":343,"column":59},"end":{"line":343,"column":61}}],"line":343},"30":{"loc":{"start":{"line":345,"column":16},"end":{"line":345,"column":68}},"type":"binary-expr","locations":[{"start":{"line":345,"column":16},"end":{"line":345,"column":42}},{"start":{"line":345,"column":46},"end":{"line":345,"column":68}}],"line":345},"31":{"loc":{"start":{"line":346,"column":16},"end":{"line":346,"column":56}},"type":"binary-expr","locations":[{"start":{"line":346,"column":16},"end":{"line":346,"column":46}},{"start":{"line":346,"column":50},"end":{"line":346,"column":56}}],"line":346},"32":{"loc":{"start":{"line":347,"column":25},"end":{"line":347,"column":76}},"type":"binary-expr","locations":[{"start":{"line":347,"column":25},"end":{"line":347,"column":66}},{"start":{"line":347,"column":70},"end":{"line":347,"column":76}}],"line":347},"33":{"loc":{"start":{"line":348,"column":11},"end":{"line":348,"column":42}},"type":"binary-expr","locations":[{"start":{"line":348,"column":11},"end":{"line":348,"column":32}},{"start":{"line":348,"column":36},"end":{"line":348,"column":42}}],"line":348},"34":{"loc":{"start":{"line":350,"column":14},"end":{"line":350,"column":53}},"type":"binary-expr","locations":[{"start":{"line":350,"column":14},"end":{"line":350,"column":43}},{"start":{"line":350,"column":47},"end":{"line":350,"column":53}}],"line":350},"35":{"loc":{"start":{"line":370,"column":14},"end":{"line":372,"column":14}},"type":"cond-expr","locations":[{"start":{"line":371,"column":10},"end":{"line":371,"column":73}},{"start":{"line":372,"column":10},"end":{"line":372,"column":14}}],"line":370},"36":{"loc":{"start":{"line":374,"column":18},"end":{"line":374,"column":30}},"type":"binary-expr","locations":[{"start":{"line":374,"column":18},"end":{"line":374,"column":25}},{"start":{"line":374,"column":29},"end":{"line":374,"column":30}}],"line":374},"37":{"loc":{"start":{"line":375,"column":32},"end":{"line":375,"column":44}},"type":"binary-expr","locations":[{"start":{"line":375,"column":32},"end":{"line":375,"column":39}},{"start":{"line":375,"column":43},"end":{"line":375,"column":44}}],"line":375},"38":{"loc":{"start":{"line":376,"column":50},"end":{"line":376,"column":62}},"type":"binary-expr","locations":[{"start":{"line":376,"column":50},"end":{"line":376,"column":57}},{"start":{"line":376,"column":61},"end":{"line":376,"column":62}}],"line":376},"39":{"loc":{"start":{"line":388,"column":23},"end":{"line":388,"column":71}},"type":"cond-expr","locations":[{"start":{"line":388,"column":30},"end":{"line":388,"column":44}},{"start":{"line":388,"column":47},"end":{"line":388,"column":71}}],"line":388},"40":{"loc":{"start":{"line":408,"column":42},"end":{"line":408,"column":64}},"type":"binary-expr","locations":[{"start":{"line":408,"column":42},"end":{"line":408,"column":59}},{"start":{"line":408,"column":63},"end":{"line":408,"column":64}}],"line":408}},"s":{"0":5,"1":5,"2":5,"3":5,"4":5,"5":5,"6":5,"7":5,"8":5,"9":0,"10":0,"11":0,"12":0,"13":0,"14":0,"15":0,"16":0,"17":0,"18":0,"19":0,"20":0,"21":0,"22":0,"23":0,"24":0,"25":0,"26":0,"27":0,"28":0,"29":0,"30":0,"31":0,"32":0,"33":0,"34":0,"35":0,"36":0,"37":0,"38":0,"39":0,"40":0,"41":0,"42":0,"43":0,"44":0,"45":0,"46":0,"47":0,"48":0,"49":0,"50":0,"51":0,"52":0,"53":0,"54":0,"55":0,"56":0,"57":0,"58":0,"59":0,"60":0,"61":0,"62":0,"63":0,"64":0,"65":0,"66":0,"67":0,"68":0,"69":0,"70":0,"71":0,"72":0,"73":0,"74":0,"75":0,"76":0,"77":0,"78":0,"79":0,"80":0,"81":0,"82":0,"83":0,"84":0,"85":0,"86":0,"87":0,"88":0,"89":0,"90":0,"91":0,"92":0,"93":0,"94":0,"95":0,"96":0,"97":0,"98":0,"99":0,"100":5,"101":0,"102":0,"103":0,"104":0,"105":0,"106":0,"107":0,"108":0,"109":5,"110":0,"111":0,"112":0,"113":0,"114":0,"115":0,"116":0,"117":0,"118":0,"119":0,"120":0,"121":0,"122":0,"123":0,"124":5,"125":0,"126":0,"127":0,"128":0,"129":0,"130":0,"131":5,"132":0,"133":0,"134":0,"135":0,"136":0,"137":0,"138":0,"139":0,"140":0,"141":0,"142":0,"143":0,"144":0,"145":0,"146":0,"147":0,"148":0,"149":0,"150":5},"f":{"0":0,"1":0,"2":0,"3":0,"4":0,"5":0,"6":0,"7":0,"8":0,"9":0,"10":0,"11":0,"12":0,"13":0,"14":0,"15":0,"16":0,"17":0,"18":0,"19":0},"b":{"0":[0,0],"1":[0,0],"2":[0,0],"3":[0,0],"4":[0,0],"5":[0,0],"6":[0,0],"7":[0,0],"8":[0,0],"9":[0,0],"10":[0,0],"11":[0,0],"12":[0,0],"13":[0,0],"14":[0,0],"15":[0,0],"16":[0,0],"17":[0,0],"18":[0,0],"19":[0,0],"20":[0,0],"21":[0,0],"22":[0,0],"23":[0,0],"24":[0,0],"25":[0,0],"26":[0,0],"27":[0,0],"28":[0,0,0],"29":[0,0,0],"30":[0,0],"31":[0,0],"32":[0,0],"33":[0,0],"34":[0,0],"35":[0,0],"36":[0,0],"37":[0,0],"38":[0,0],"39":[0,0],"40":[0,0]},"_coverageSchema":"1a1c01bbd47fc00a2c39e90264f33305004495a9","hash":"d5a6c6c9e406fdbc56863761134a9e5831854e5a"}
,"/Users/cassandrapeterson/sparkle-bows-backend/routes/auth.js": {"path":"/Users/cassandrapeterson/sparkle-bows-backend/routes/auth.js","statementMap":{"0":{"start":{"line":1,"column":16},"end":{"line":1,"column":34}},"1":{"start":{"line":2,"column":15},"end":{"line":2,"column":32}},"2":{"start":{"line":3,"column":14},"end":{"line":3,"column":30}},"3":{"start":{"line":4,"column":12},"end":{"line":4,"column":35}},"4":{"start":{"line":5,"column":13},"end":{"line":5,"column":38}},"5":{"start":{"line":6,"column":21},"end":{"line":6,"column":54}},"6":{"start":{"line":7,"column":13},"end":{"line":7,"column":43}},"7":{"start":{"line":8,"column":14},"end":{"line":8,"column":45}},"8":{"start":{"line":9,"column":15},"end":{"line":9,"column":35}},"9":{"start":{"line":10,"column":24},"end":{"line":10,"column":53}},"10":{"start":{"line":11,"column":35},"end":{"line":11,"column":69}},"11":{"start":{"line":13,"column":15},"end":{"line":13,"column":31}},"12":{"start":{"line":15,"column":19},"end":{"line":15,"column":41}},"13":{"start":{"line":16,"column":27},"end":{"line":16,"column":57}},"14":{"start":{"line":17,"column":32},"end":{"line":17,"column":37}},"15":{"start":{"line":18,"column":33},"end":{"line":18,"column":37}},"16":{"start":{"line":19,"column":38},"end":{"line":19,"column":43}},"17":{"start":{"line":20,"column":26},"end":{"line":20,"column":40}},"18":{"start":{"line":21,"column":24},"end":{"line":21,"column":58}},"19":{"start":{"line":23,"column":2},"end":{"line":25,"column":32}},"20":{"start":{"line":28,"column":2},"end":{"line":28,"column":79}},"21":{"start":{"line":31,"column":0},"end":{"line":34,"column":1}},"22":{"start":{"line":32,"column":2},"end":{"line":32,"column":70}},"23":{"start":{"line":33,"column":2},"end":{"line":33,"column":18}},"24":{"start":{"line":37,"column":2},"end":{"line":46,"column":4}},"25":{"start":{"line":50,"column":2},"end":{"line":52,"column":5}},"26":{"start":{"line":56,"column":2},"end":{"line":64,"column":4}},"27":{"start":{"line":68,"column":13},"end":{"line":68,"column":15}},"28":{"start":{"line":69,"column":15},"end":{"line":69,"column":17}},"29":{"start":{"line":70,"column":2},"end":{"line":72,"column":3}},"30":{"start":{"line":71,"column":4},"end":{"line":71,"column":46}},"31":{"start":{"line":73,"column":2},"end":{"line":75,"column":3}},"32":{"start":{"line":74,"column":4},"end":{"line":74,"column":16}},"33":{"start":{"line":76,"column":2},"end":{"line":78,"column":3}},"34":{"start":{"line":76,"column":19},"end":{"line":76,"column":20}},"35":{"start":{"line":77,"column":4},"end":{"line":77,"column":73}},"36":{"start":{"line":79,"column":2},"end":{"line":79,"column":16}},"37":{"start":{"line":83,"column":21},"end":{"line":86,"column":30}},"38":{"start":{"line":87,"column":13},"end":{"line":87,"column":15}},"39":{"start":{"line":88,"column":2},"end":{"line":92,"column":3}},"40":{"start":{"line":89,"column":18},"end":{"line":89,"column":52}},"41":{"start":{"line":90,"column":4},"end":{"line":90,"column":31}},"42":{"start":{"line":90,"column":22},"end":{"line":90,"column":31}},"43":{"start":{"line":91,"column":4},"end":{"line":91,"column":47}},"44":{"start":{"line":93,"column":16},"end":{"line":93,"column":18}},"45":{"start":{"line":94,"column":2},"end":{"line":96,"column":3}},"46":{"start":{"line":94,"column":19},"end":{"line":94,"column":20}},"47":{"start":{"line":95,"column":4},"end":{"line":95,"column":58}},"48":{"start":{"line":97,"column":2},"end":{"line":97,"column":28}},"49":{"start":{"line":101,"column":2},"end":{"line":101,"column":42}},"50":{"start":{"line":105,"column":14},"end":{"line":105,"column":32}},"51":{"start":{"line":106,"column":15},"end":{"line":106,"column":17}},"52":{"start":{"line":107,"column":18},"end":{"line":107,"column":63}},"53":{"start":{"line":108,"column":17},"end":{"line":108,"column":32}},"54":{"start":{"line":109,"column":2},"end":{"line":109,"column":61}},"55":{"start":{"line":110,"column":2},"end":{"line":110,"column":48}},"56":{"start":{"line":111,"column":17},"end":{"line":111,"column":71}},"57":{"start":{"line":112,"column":21},"end":{"line":112,"column":52}},"58":{"start":{"line":114,"column":4},"end":{"line":117,"column":35}},"59":{"start":{"line":118,"column":2},"end":{"line":118,"column":49}},"60":{"start":{"line":122,"column":25},"end":{"line":122,"column":62}},"61":{"start":{"line":123,"column":2},"end":{"line":123,"column":59}},"62":{"start":{"line":123,"column":46},"end":{"line":123,"column":59}},"63":{"start":{"line":124,"column":2},"end":{"line":126,"column":4}},"64":{"start":{"line":125,"column":16},"end":{"line":125,"column":63}},"65":{"start":{"line":130,"column":2},"end":{"line":132,"column":4}},"66":{"start":{"line":131,"column":4},"end":{"line":131,"column":55}},"67":{"start":{"line":136,"column":2},"end":{"line":143,"column":19}},"68":{"start":{"line":147,"column":21},"end":{"line":147,"column":43}},"69":{"start":{"line":148,"column":24},"end":{"line":148,"column":57}},"70":{"start":{"line":149,"column":28},"end":{"line":151,"column":3}},"71":{"start":{"line":150,"column":15},"end":{"line":150,"column":35}},"72":{"start":{"line":152,"column":2},"end":{"line":152,"column":70}},"73":{"start":{"line":152,"column":57},"end":{"line":152,"column":70}},"74":{"start":{"line":153,"column":2},"end":{"line":153,"column":50}},"75":{"start":{"line":154,"column":2},"end":{"line":154,"column":20}},"76":{"start":{"line":155,"column":2},"end":{"line":155,"column":14}},"77":{"start":{"line":159,"column":2},"end":{"line":168,"column":4}},"78":{"start":{"line":173,"column":22},"end":{"line":173,"column":61}},"79":{"start":{"line":174,"column":2},"end":{"line":174,"column":53}},"80":{"start":{"line":175,"column":2},"end":{"line":175,"column":67}},"81":{"start":{"line":175,"column":16},"end":{"line":175,"column":67}},"82":{"start":{"line":176,"column":2},"end":{"line":176,"column":32}},"83":{"start":{"line":180,"column":22},"end":{"line":180,"column":61}},"84":{"start":{"line":181,"column":2},"end":{"line":181,"column":51}},"85":{"start":{"line":182,"column":2},"end":{"line":182,"column":67}},"86":{"start":{"line":182,"column":16},"end":{"line":182,"column":67}},"87":{"start":{"line":183,"column":2},"end":{"line":183,"column":32}},"88":{"start":{"line":186,"column":22},"end":{"line":194,"column":1}},"89":{"start":{"line":197,"column":22},"end":{"line":197,"column":45}},"90":{"start":{"line":198,"column":23},"end":{"line":198,"column":47}},"91":{"start":{"line":199,"column":2},"end":{"line":199,"column":71}},"92":{"start":{"line":200,"column":2},"end":{"line":200,"column":58}},"93":{"start":{"line":201,"column":2},"end":{"line":201,"column":21}},"94":{"start":{"line":207,"column":0},"end":{"line":248,"column":3}},"95":{"start":{"line":208,"column":2},"end":{"line":247,"column":3}},"96":{"start":{"line":209,"column":23},"end":{"line":209,"column":79}},"97":{"start":{"line":210,"column":4},"end":{"line":216,"column":5}},"98":{"start":{"line":211,"column":6},"end":{"line":214,"column":9}},"99":{"start":{"line":215,"column":6},"end":{"line":215,"column":79}},"100":{"start":{"line":218,"column":38},"end":{"line":218,"column":46}},"101":{"start":{"line":219,"column":4},"end":{"line":221,"column":5}},"102":{"start":{"line":220,"column":6},"end":{"line":220,"column":85}},"103":{"start":{"line":222,"column":25},"end":{"line":222,"column":75}},"104":{"start":{"line":223,"column":4},"end":{"line":223,"column":86}},"105":{"start":{"line":223,"column":22},"end":{"line":223,"column":86}},"106":{"start":{"line":225,"column":17},"end":{"line":231,"column":6}},"107":{"start":{"line":232,"column":4},"end":{"line":232,"column":22}},"108":{"start":{"line":234,"column":24},"end":{"line":234,"column":47}},"109":{"start":{"line":235,"column":25},"end":{"line":235,"column":49}},"110":{"start":{"line":236,"column":4},"end":{"line":236,"column":73}},"111":{"start":{"line":237,"column":4},"end":{"line":237,"column":60}},"112":{"start":{"line":239,"column":4},"end":{"line":243,"column":7}},"113":{"start":{"line":245,"column":4},"end":{"line":245,"column":59}},"114":{"start":{"line":246,"column":4},"end":{"line":246,"column":68}},"115":{"start":{"line":253,"column":0},"end":{"line":287,"column":3}},"116":{"start":{"line":254,"column":2},"end":{"line":286,"column":3}},"117":{"start":{"line":255,"column":32},"end":{"line":255,"column":40}},"118":{"start":{"line":256,"column":4},"end":{"line":257,"column":78}},"119":{"start":{"line":257,"column":6},"end":{"line":257,"column":78}},"120":{"start":{"line":259,"column":17},"end":{"line":259,"column":87}},"121":{"start":{"line":260,"column":4},"end":{"line":262,"column":5}},"122":{"start":{"line":261,"column":6},"end":{"line":261,"column":70}},"123":{"start":{"line":264,"column":4},"end":{"line":271,"column":5}},"124":{"start":{"line":265,"column":6},"end":{"line":270,"column":9}},"125":{"start":{"line":273,"column":24},"end":{"line":273,"column":47}},"126":{"start":{"line":274,"column":25},"end":{"line":274,"column":49}},"127":{"start":{"line":275,"column":4},"end":{"line":275,"column":73}},"128":{"start":{"line":276,"column":4},"end":{"line":276,"column":60}},"129":{"start":{"line":278,"column":4},"end":{"line":282,"column":7}},"130":{"start":{"line":284,"column":4},"end":{"line":284,"column":58}},"131":{"start":{"line":285,"column":4},"end":{"line":285,"column":61}},"132":{"start":{"line":292,"column":0},"end":{"line":315,"column":3}},"133":{"start":{"line":293,"column":2},"end":{"line":314,"column":3}},"134":{"start":{"line":294,"column":25},"end":{"line":294,"column":49}},"135":{"start":{"line":295,"column":4},"end":{"line":296,"column":76}},"136":{"start":{"line":296,"column":6},"end":{"line":296,"column":76}},"137":{"start":{"line":298,"column":20},"end":{"line":298,"column":64}},"138":{"start":{"line":299,"column":21},"end":{"line":303,"column":6}},"139":{"start":{"line":304,"column":4},"end":{"line":304,"column":85}},"140":{"start":{"line":304,"column":19},"end":{"line":304,"column":85}},"141":{"start":{"line":306,"column":17},"end":{"line":306,"column":52}},"142":{"start":{"line":307,"column":4},"end":{"line":307,"column":74}},"143":{"start":{"line":307,"column":15},"end":{"line":307,"column":74}},"144":{"start":{"line":309,"column":27},"end":{"line":309,"column":50}},"145":{"start":{"line":310,"column":4},"end":{"line":310,"column":80}},"146":{"start":{"line":312,"column":4},"end":{"line":312,"column":66}},"147":{"start":{"line":313,"column":4},"end":{"line":313,"column":70}},"148":{"start":{"line":320,"column":0},"end":{"line":339,"column":3}},"149":{"start":{"line":321,"column":19},"end":{"line":321,"column":52}},"150":{"start":{"line":322,"column":23},"end":{"line":322,"column":60}},"151":{"start":{"line":323,"column":22},"end":{"line":323,"column":58}},"152":{"start":{"line":325,"column":2},"end":{"line":327,"column":3}},"153":{"start":{"line":326,"column":4},"end":{"line":326,"column":87}},"154":{"start":{"line":329,"column":17},"end":{"line":336,"column":4}},"155":{"start":{"line":338,"column":2},"end":{"line":338,"column":91}},"156":{"start":{"line":345,"column":0},"end":{"line":410,"column":3}},"157":{"start":{"line":346,"column":19},"end":{"line":346,"column":52}},"158":{"start":{"line":347,"column":23},"end":{"line":347,"column":60}},"159":{"start":{"line":348,"column":22},"end":{"line":348,"column":58}},"160":{"start":{"line":350,"column":2},"end":{"line":352,"column":3}},"161":{"start":{"line":351,"column":4},"end":{"line":351,"column":87}},"162":{"start":{"line":354,"column":2},"end":{"line":409,"column":3}},"163":{"start":{"line":355,"column":28},"end":{"line":355,"column":37}},"164":{"start":{"line":356,"column":4},"end":{"line":358,"column":5}},"165":{"start":{"line":357,"column":6},"end":{"line":357,"column":96}},"166":{"start":{"line":360,"column":26},"end":{"line":370,"column":5}},"167":{"start":{"line":372,"column":50},"end":{"line":372,"column":68}},"168":{"start":{"line":373,"column":28},"end":{"line":376,"column":5}},"169":{"start":{"line":378,"column":20},"end":{"line":378,"column":40}},"170":{"start":{"line":379,"column":4},"end":{"line":381,"column":5}},"171":{"start":{"line":380,"column":6},"end":{"line":380,"column":88}},"172":{"start":{"line":384,"column":6},"end":{"line":385,"column":66}},"173":{"start":{"line":387,"column":4},"end":{"line":402,"column":5}},"174":{"start":{"line":388,"column":6},"end":{"line":396,"column":9}},"175":{"start":{"line":397,"column":6},"end":{"line":397,"column":24}},"176":{"start":{"line":399,"column":6},"end":{"line":399,"column":51}},"177":{"start":{"line":400,"column":6},"end":{"line":400,"column":92}},"178":{"start":{"line":400,"column":63},"end":{"line":400,"column":92}},"179":{"start":{"line":401,"column":6},"end":{"line":401,"column":24}},"180":{"start":{"line":404,"column":4},"end":{"line":404,"column":41}},"181":{"start":{"line":405,"column":4},"end":{"line":405,"column":64}},"182":{"start":{"line":407,"column":4},"end":{"line":407,"column":74}},"183":{"start":{"line":408,"column":4},"end":{"line":408,"column":85}},"184":{"start":{"line":415,"column":0},"end":{"line":449,"column":3}},"185":{"start":{"line":416,"column":2},"end":{"line":448,"column":3}},"186":{"start":{"line":417,"column":16},"end":{"line":419,"column":12}},"187":{"start":{"line":421,"column":4},"end":{"line":438,"column":5}},"188":{"start":{"line":422,"column":6},"end":{"line":437,"column":7}},"189":{"start":{"line":423,"column":24},"end":{"line":423,"column":80}},"190":{"start":{"line":424,"column":32},"end":{"line":428,"column":10}},"19
[...]
5}},"loc":{"start":{"line":6,"column":28},"end":{"line":18,"column":1}},"line":6},"1":{"name":"getEnvNumber","decl":{"start":{"line":20,"column":9},"end":{"line":20,"column":21}},"loc":{"start":{"line":20,"column":38},"end":{"line":23,"column":1}},"line":20},"2":{"name":"buildFromAddress","decl":{"start":{"line":25,"column":9},"end":{"line":25,"column":25}},"loc":{"start":{"line":25,"column":28},"end":{"line":50,"column":1}},"line":25},"3":{"name":"buildToAddress","decl":{"start":{"line":52,"column":9},"end":{"line":52,"column":23}},"loc":{"start":{"line":52,"column":31},"end":{"line":70,"column":1}},"line":52},"4":{"name":"buildParcel","decl":{"start":{"line":72,"column":9},"end":{"line":72,"column":20}},"loc":{"start":{"line":72,"column":28},"end":{"line":89,"column":1}},"line":72},"5":{"name":"(anonymous_5)","decl":{"start":{"line":74,"column":4},"end":{"line":74,"column":5}},"loc":{"start":{"line":74,"column":19},"end":{"line":74,"column":51}},"line":74},"6":{"name":"createShipment","decl":{"start":{"line":91,"column":15},"end":{"line":91,"column":29}},"loc":{"start":{"line":91,"column":37},"end":{"line":105,"column":1}},"line":91},"7":{"name":"selectBestRate","decl":{"start":{"line":107,"column":9},"end":{"line":107,"column":23}},"loc":{"start":{"line":107,"column":34},"end":{"line":119,"column":1}},"line":107},"8":{"name":"(anonymous_8)","decl":{"start":{"line":113,"column":34},"end":{"line":113,"column":35}},"loc":{"start":{"line":113,"column":44},"end":{"line":113,"column":66}},"line":113},"9":{"name":"(anonymous_9)","decl":{"start":{"line":117,"column":4},"end":{"line":117,"column":5}},"loc":{"start":{"line":117,"column":14},"end":{"line":117,"column":59}},"line":117},"10":{"name":"purchaseLabel","decl":{"start":{"line":121,"column":15},"end":{"line":121,"column":28}},"loc":{"start":{"line":121,"column":46},"end":{"line":134,"column":1}},"line":121},"11":{"name":"buyLabelForOrder","decl":{"start":{"line":136,"column":15},"end":{"line":136,"column":31}},"loc":{"start":{"line":136,"column":39},"end":{"line":155,"column":1}},"line":136},"12":{"name":"(anonymous_12)","decl":{"start":{"line":143,"column":32},"end":{"line":143,"column":33}},"loc":{"start":{"line":143,"column":43},"end":{"line":143,"column":53}},"line":143}},"branchMap":{"0":{"loc":{"start":{"line":7,"column":17},"end":{"line":7,"column":51}},"type":"binary-expr","locations":[{"start":{"line":7,"column":17},"end":{"line":7,"column":45}},{"start":{"line":7,"column":49},"end":{"line":7,"column":51}}],"line":7},"1":{"loc":{"start":{"line":9,"column":2},"end":{"line":11,"column":3}},"type":"if","locations":[{"start":{"line":9,"column":2},"end":{"line":11,"column":3}},{"start":{},"end":{}}],"line":9},"2":{"loc":{"start":{"line":22,"column":9},"end":{"line":22,"column":63}},"type":"cond-expr","locations":[{"start":{"line":22,"column":47},"end":{"line":22,"column":52}},{"start":{"line":22,"column":55},"end":{"line":22,"column":63}}],"line":22},"3":{"loc":{"start":{"line":22,"column":9},"end":{"line":22,"column":44}},"type":"binary-expr","locations":[{"start":{"line":22,"column":9},"end":{"line":22,"column":31}},{"start":{"line":22,"column":35},"end":{"line":22,"column":44}}],"line":22},"4":{"loc":{"start":{"line":26,"column":19},"end":{"line":26,"column":58}},"type":"binary-expr","locations":[{"start":{"line":26,"column":19},"end":{"line":26,"column":50}},{"start":{"line":26,"column":54},"end":{"line":26,"column":58}}],"line":26},"5":{"loc":{"start":{"line":27,"column":17},"end":{"line":27,"column":52}},"type":"binary-expr","locations":[{"start":{"line":27,"column":17},"end":{"line":27,"column":46}},{"start":{"line":27,"column":50},"end":{"line":27,"column":52}}],"line":27},"6":{"loc":{"start":{"line":28,"column":16},"end":{"line":28,"column":50}},"type":"binary-expr","locations":[{"start":{"line":28,"column":16},"end":{"line":28,"column":44}},{"start":{"line":28,"column":48},"end":{"line":28,"column":50}}],"line":28},"7":{"loc":{"start":{"line":29,"column":17},"end":{"line":29,"column":52}},"type":"binary-expr","locations":[{"start":{"line":29,"column":17},"end":{"line":29,"column":46}},{"start":{"line":29,"column":50},"end":{"line":29,"column":52}}],"line":29},"8":{"loc":{"start":{"line":30,"column":15},"end":{"line":30,"column":48}},"type":"binary-expr","locations":[{"start":{"line":30,"column":15},"end":{"line":30,"column":42}},{"start":{"line":30,"column":46},"end":{"line":30,"column":48}}],"line":30},"9":{"loc":{"start":{"line":32,"column":2},"end":{"line":36,"column":3}},"type":"if","locations":[{"start":{"line":32,"column":2},"end":{"line":36,"column":3}},{"start":{},"end":{}}],"line":32},"10":{"loc":{"start":{"line":32,"column":6},"end":{"line":32,"column":39}},"type":"binary-expr","locations":[{"start":{"line":32,"column":6},"end":{"line":32,"column":12}},{"start":{"line":32,"column":16},"end":{"line":32,"column":21}},{"start":{"line":32,"column":25},"end":{"line":32,"column":31}},{"start":{"line":32,"column":35},"end":{"line":32,"column":39}}],"line":32},"11":{"loc":{"start":{"line":39,"column":11},"end":{"line":39,"column":57}},"type":"binary-expr","locations":[{"start":{"line":39,"column":11},"end":{"line":39,"column":39}},{"start":{"line":39,"column":43},"end":{"line":39,"column":57}}],"line":39},"12":{"loc":{"start":{"line":40,"column":14},"end":{"line":40,"column":63}},"type":"binary-expr","locations":[{"start":{"line":40,"column":14},"end":{"line":40,"column":45}},{"start":{"line":40,"column":49},"end":{"line":40,"column":63}}],"line":40},"13":{"loc":{"start":{"line":42,"column":14},"end":{"line":42,"column":49}},"type":"binary-expr","locations":[{"start":{"line":42,"column":14},"end":{"line":42,"column":43}},{"start":{"line":42,"column":47},"end":{"line":42,"column":49}}],"line":42},"14":{"loc":{"start":{"line":47,"column":11},"end":{"line":47,"column":68}},"type":"binary-expr","locations":[{"start":{"line":47,"column":11},"end":{"line":47,"column":55}},{"start":{"line":47,"column":59},"end":{"line":47,"column":68}}],"line":47},"15":{"loc":{"start":{"line":47,"column":12},"end":{"line":47,"column":47}},"type":"binary-expr","locations":[{"start":{"line":47,"column":12},"end":{"line":47,"column":41}},{"start":{"line":47,"column":45},"end":{"line":47,"column":47}}],"line":47},"16":{"loc":{"start":{"line":48,"column":11},"end":{"line":48,"column":95}},"type":"binary-expr","locations":[{"start":{"line":48,"column":11},"end":{"line":48,"column":82}},{"start":{"line":48,"column":86},"end":{"line":48,"column":95}}],"line":48},"17":{"loc":{"start":{"line":48,"column":12},"end":{"line":48,"column":74}},"type":"binary-expr","locations":[{"start":{"line":48,"column":12},"end":{"line":48,"column":41}},{"start":{"line":48,"column":45},"end":{"line":48,"column":68}},{"start":{"line":48,"column":72},"end":{"line":48,"column":74}}],"line":48},"18":{"loc":{"start":{"line":53,"column":18},"end":{"line":53,"column":45}},"type":"binary-expr","locations":[{"start":{"line":53,"column":18},"end":{"line":53,"column":39}},{"start":{"line":53,"column":43},"end":{"line":53,"column":45}}],"line":53},"19":{"loc":{"start":{"line":55,"column":2},"end":{"line":57,"column":3}},"type":"if","locations":[{"start":{"line":55,"column":2},"end":{"line":57,"column":3}},{"start":{},"end":{}}],"line":55},"20":{"loc":{"start":{"line":55,"column":6},"end":{"line":55,"column":78}},"type":"binary-expr","locations":[{"start":{"line":55,"column":6},"end":{"line":55,"column":20}},{"start":{"line":55,"column":24},"end":{"line":55,"column":37}},{"start":{"line":55,"column":41},"end":{"line":55,"column":55}},{"start":{"line":55,"column":59},"end":{"line":55,"column":78}}],"line":55},"21":{"loc":{"start":{"line":60,"column":10},"end":{"line":60,"column":44}},"type":"binary-expr","locations":[{"start":{"line":60,"column":10},"end":{"line":60,"column":22}},{"start":{"line":60,"column":26},"end":{"line":60,"column":44}}],"line":60},"22":{"loc":{"start":{"line":63,"column":13},"end":{"line":63,"column":32}},"type":"binary-expr","locations":[{"start":{"line":63,"column":13},"end":{"line":63,"column":26}},{"start":{"line":63,"column":30},"end":{"line":63,"column":32}}],"line":63},"23":{"loc":{"start":{"line":67,"column":13},"end":{"line":67,"column":36}},"type":"binary-expr","locations":[{"start":{"line":67,"column":13},"end":{"line":67,"column":28}},{"start":{"line":67,"column":32},"end":{"line":67,"column":36}}],"line":67},"24":{"loc":{"start":{"line":68,"column":11},"end":{"line":68,"column":43}},"type":"binary-expr","locations":[{"start":{"line":68,"column":11},"end":{"line":68,"column":30}},{"start":{"line":68,"column":34},"end":{"line":68,"column":43}}],"line":68},"25":{"loc":{"start":{"line":73,"column":21},"end":{"line":73,"column":38}},"type":"binary-expr","locations":[{"start":{"line":73,"column":21},"end":{"line":73,"column":32}},{"start":{"line":73,"column":36},"end":{"line":73,"column":38}}],"line":73},"26":{"loc":{"start":{"line":74,"column":32},"end":{"line":74,"column":50}},"type":"binary-expr","locations":[{"start":{"line":74,"column":32},"end":{"line":74,"column":45}},{"start":{"line":74,"column":49},"end":{"line":74,"column":50}}],"line":74},"27":{"loc":{"start":{"line":108,"column":16},"end":{"line":108,"column":67}},"type":"cond-expr","locations":[{"start":{"line":108,"column":48},"end":{"line":108,"column":62}},{"start":{"line":108,"column":65},"end":{"line":108,"column":67}}],"line":108},"28":{"loc":{"start":{"line":109,"column":2},"end":{"line":111,"column":3}},"type":"if","locations":[{"start":{"line":109,"column":2},"end":{"line":111,"column":3}},{"start":{},"end":{}}],"line":109},"29":{"loc":{"start":{"line":114,"column":25},"end":{"line":114,"column":63}},"type":"cond-expr","locations":[{"start":{"line":114,"column":45},"end":{"line":114,"column":55}},{"start":{"line":114,"column":58},"end":{"line":114,"column":63}}],"line":114},"30":{"loc":{"start":{"line":117,"column":21},"end":{"line":117,"column":34}},"type":"binary-expr","locations":[{"start":{"line":117,"column":21},"end":{"line":117,"column":29}},{"start":{"line":117,"column":33},"end":{"line":117,"column":34}}],"line":117},"31":{"loc":{"start":{"line":117,"column":45},"end":{"line":117,"column":58}},"type":"binary-expr","locations":[{"start":{"line":117,"column":45},"end":{"line":117,"column":53}},{"start":{"line":117,"column":57},"end":{"line":117,"column":58}}],"line":117},"32":{"loc":{"start":{"line":141,"column":2},"end":{"line":146,"column":3}},"type":"if","locations":[{"start":{"line":141,"column":2},"end":{"line":146,"column":3}},{"start":{},"end":{}}],"line":141},"33":{"loc":{"start":{"line":143,"column":6},"end":{"line":144,"column":58}},"type":"binary-expr","locations":[{"start":{"line":143,"column":6},"end":{"line":143,"column":80}},{"start":{"line":144,"column":6},"end":{"line":144,"column":58}}],"line":143},"34":{"loc":{"start":{"line":152,"column":31},"end":{"line":152,"column":47}},"type":"binary-expr","locations":[{"start":{"line":152,"column":31},"end":{"line":152,"column":42}},{"start":{"line":152,"column":46},"end":{"line":152,"column":47}}],"line":152},"35":{"loc":{"start":{"line":153,"column":35},"end":{"line":153,"column":57}},"type":"binary-expr","locations":[{"start":{"line":153,"column":35},"end":{"line":153,"column":48}},{"start":{"line":153,"column":52},"end":{"line":153,"column":57}}],"line":153}},"s":{"0":5,"1":5,"2":5,"3":0,"4":0,"5":0,"6":0,"7":0,"8":0,"9":0,"10":0,"11":0,"12":0,"13":0,"14":0,"15":0,"16":0,"17":0,"18":0,"19":0,"20":0,"21":0,"22":0,"23":0,"24":0,"25":0,"26":0,"27":0,"28":0,"29":0,"30":0,"31":0,"32":0,"33":0,"34":0,"35":0,"36":0,"37":0,"38":0,"39":0,"40":0,"41":0,"42":0,"43":0,"44":0,"45":5},"f":{"0":0,"1":0,"2":0,"3":0,"4":0,"5":0,"6":0,"7":0,"8":0,"9":0,"10":0,"11":0,"12":0},"b":{"0":[0,0],"1":[0,0],"2":[0,0],"3":[0,0],"4":[0,0],"5":[0,0],"6":[0,0],"7":[0,0],"8":[0,0],"9":[0,0],"10":[0,0,0,0],"11":[0,0],"12":[0,0],"13":[0,0],"14":[0,0],"15":[0,0],"16":[0,0],"17":[0,0,0],"18":[0,0],"19":[0,0],"20":[0,0,0,0],"21":[0,0],"22":[0,0],"23":[0,0],"24":[0,0],"25":[0,0],"26":[0,0],"27":[0,0],"28":[0,0],"29":[0,0],"30":[0,0],"31":[0,0],"32":[0,0],"33":[0,0],"34":[0,0],"35":[0,0]},"_coverageSchema":"1a1c01bbd47fc00a2c39e90264f33305004495a9","hash":"e1f3397ca679114de82f0166120ccf17b1d3dd26"}
,"/Users/cassandrapeterson/sparkle-bows-backend/tests/setups.js": {"path":"/Users/cassandrapeterson/sparkle-bows-backend/tests/setups.js","statementMap":{"0":{"start":{"line":1,"column":17},"end":{"line":1,"column":36}},"1":{"start":{"line":2,"column":30},"end":{"line":2,"column":62}},"2":{"start":{"line":6,"column":0},"end":{"line":9,"column":3}},"3":{"start":{"line":7,"column":2},"end":{"line":7,"column":49}},"4":{"start":{"line":8,"column":2},"end":{"line":8,"column":47}},"5":{"start":{"line":11,"column":0},"end":{"line":17,"column":3}},"6":{"start":{"line":12,"column":22},"end":{"line":12,"column":68}},"7":{"start":{"line":14,"column":2},"end":{"line":16,"column":3}},"8":{"start":{"line":15,"column":4},"end":{"line":15,"column":36}},"9":{"start":{"line":19,"column":0},"end":{"line":27,"column":3}},"10":{"start":{"line":20,"column":2},"end":{"line":22,"column":3}},"11":{"start":{"line":21,"column":4},"end":{"line":21,"column":38}},"12":{"start":{"line":24,"column":2},"end":{"line":26,"column":3}},"13":{"start":{"line":25,"column":4},"end":{"line":25,"column":29}}},"fnMap":{"0":{"name":"(anonymous_0)","decl":{"start":{"line":6,"column":10},"end":{"line":6,"column":11}},"loc":{"start":{"line":6,"column":22},"end":{"line":9,"column":1}},"line":6},"1":{"name":"(anonymous_1)","decl":{"start":{"line":11,"column":10},"end":{"line":11,"column":11}},"loc":{"start":{"line":11,"column":22},"end":{"line":17,"column":1}},"line":11},"2":{"name":"(anonymous_2)","decl":{"start":{"line":19,"column":9},"end":{"line":19,"column":10}},"loc":{"start":{"line":19,"column":21},"end":{"line":27,"column":1}},"line":19}},"branchMap":{"0":{"loc":{"start":{"line":20,"column":2},"end":{"line":22,"column":3}},"type":"if","locations":[{"start":{"line":20,"column":2},"end":{"line":22,"column":3}},{"start":{},"end":{}}],"line":20},"1":{"loc":{"start":{"line":24,"column":2},"end":{"line":26,"column":3}},"type":"if","locations":[{"start":{"line":24,"column":2},"end":{"line":26,"column":3}},{"start":{},"end":{}}],"line":24}},"s":{"0":5,"1":5,"2":5,"3":5,"4":5,"5":5,"6":15,"7":15,"8":135,"9":5,"10":5,"11":5,"12":5,"13":5},"f":{"0":5,"1":15,"2":5},"b":{"0":[5,0],"1":[5,0]},"_coverageSchema":"1a1c01bbd47fc00a2c39e90264f33305004495a9","hash":"9c054551527aec105317d161270e6940be0951cb"}
,"/Users/cassandrapeterson/sparkle-bows-backend/utils/formProtection.js": {"path":"/Users/cassandrapeterson/sparkle-bows-backend/utils/formProtection.js","statementMap":{"0":{"start":{"line":2,"column":2},"end":{"line":2,"column":30}},"1":{"start":{"line":6,"column":24},"end":{"line":6,"column":58}},"2":{"start":{"line":7,"column":23},"end":{"line":7,"column":59}},"3":{"start":{"line":8,"column":23},"end":{"line":8,"column":73}},"4":{"start":{"line":9,"column":24},"end":{"line":9,"column":60}},"5":{"start":{"line":10,"column":25},"end":{"line":10,"column":51}},"6":{"start":{"line":12,"column":2},"end":{"line":19,"column":3}},"7":{"start":{"line":13,"column":4},"end":{"line":18,"column":6}},"8":{"start":{"line":21,"column":2},"end":{"line":28,"column":3}},"9":{"start":{"line":22,"column":4},"end":{"line":27,"column":6}},"10":{"start":{"line":30,"column":20},"end":{"line":30,"column":47}},"11":{"start":{"line":32,"column":2},"end":{"line":39,"column":3}},"12":{"start":{"line":33,"column":4},"end":{"line":38,"column":6}},"13":{"start":{"line":41,"column":2},"end":{"line":48,"column":3}},"14":{"start":{"line":42,"column":4},"end":{"line":47,"column":6}},"15":{"start":{"line":50,"column":2},"end":{"line":50,"column":25}},"16":{"start":{"line":53,"column":0},"end":{"line":55,"column":2}}},"fnMap":{"0":{"name":"normalizeString","decl":{"start":{"line":1,"column":9},"end":{"line":1,"column":24}},"loc":{"start":{"line":1,"column":37},"end":{"line":3,"column":1}},"line":1},"1":{"name":"validateFormProtection","decl":{"start":{"line":5,"column":9},"end":{"line":5,"column":31}},"loc":{"start":{"line":5,"column":57},"end":{"line":51,"column":1}},"line":5}},"branchMap":{"0":{"loc":{"start":{"line":1,"column":25},"end":{"line":1,"column":35}},"type":"default-arg","locations":[{"start":{"line":1,"column":33},"end":{"line":1,"column":35}}],"line":1},"1":{"loc":{"start":{"line":5,"column":32},"end":{"line":5,"column":41}},"type":"default-arg","locations":[{"start":{"line":5,"column":39},"end":{"line":5,"column":41}}],"line":5},"2":{"loc":{"start":{"line":5,"column":43},"end":{"line":5,"column":55}},"type":"default-arg","locations":[{"start":{"line":5,"column":53},"end":{"line":5,"column":55}}],"line":5},"3":{"loc":{"start":{"line":6,"column":24},"end":{"line":6,"column":58}},"type":"binary-expr","locations":[{"start":{"line":6,"column":24},"end":{"line":6,"column":45}},{"start":{"line":6,"column":49},"end":{"line":6,"column":58}}],"line":6},"4":{"loc":{"start":{"line":7,"column":30},"end":{"line":7,"column":58}},"type":"binary-expr","locations":[{"start":{"line":7,"column":30},"end":{"line":7,"column":50}},{"start":{"line":7,"column":54},"end":{"line":7,"column":58}}],"line":7},"5":{"loc":{"start":{"line":8,"column":30},"end":{"line":8,"column":72}},"type":"binary-expr","locations":[{"start":{"line":8,"column":30},"end":{"line":8,"column":50}},{"start":{"line":8,"column":54},"end":{"line":8,"column":72}}],"line":8},"6":{"loc":{"start":{"line":12,"column":2},"end":{"line":19,"column":3}},"type":"if","locations":[{"start":{"line":12,"column":2},"end":{"line":19,"column":3}},{"start":{},"end":{}}],"line":12},"7":{"loc":{"start":{"line":21,"column":2},"end":{"line":28,"column":3}},"type":"if","locations":[{"start":{"line":21,"column":2},"end":{"line":28,"column":3}},{"start":{},"end":{}}],"line":21},"8":{"loc":{"start":{"line":32,"column":2},"end":{"line":39,"column":3}},"type":"if","locations":[{"start":{"line":32,"column":2},"end":{"line":39,"column":3}},{"start":{},"end":{}}],"line":32},"9":{"loc":{"start":{"line":41,"column":2},"end":{"line":48,"column":3}},"type":"if","locations":[{"start":{"line":41,"column":2},"end":{"line":48,"column":3}},{"start":{},"end":{}}],"line":41}},"s":{"0":4,"1":4,"2":4,"3":4,"4":4,"5":4,"6":4,"7":0,"8":4,"9":0,"10":4,"11":4,"12":1,"13":3,"14":0,"15":3,"16":5},"f":{"0":4,"1":4},"b":{"0":[0],"1":[0],"2":[0],"3":[4,4],"4":[4,0],"5":[4,4],"6":[0,4],"7":[0,4],"8":[1,3],"9":[0,3]},"_coverageSchema":"1a1c01bbd47fc00a2c39e90264f33305004495a9","hash":"a15fa1b968777d728c4d7d5ad58c6cc13268a43a"}
,"/Users/cassandrapeterson/sparkle-bows-backend/utils/shippingCalculator.js": {"path":"/Users/cassandrapeterson/sparkle-bows-backend/utils/shippingCalculator.js","statementMap":{"0":{"start":{"line":10,"column":2},"end":{"line":10,"column":32}},"1":{"start":{"line":10,"column":23},"end":{"line":10,"column":32}},"2":{"start":{"line":11,"column":2},"end":{"line":11,"column":35}},"3":{"start":{"line":11,"column":23},"end":{"line":11,"column":35}},"4":{"start":{"line":12,"column":2},"end":{"line":12,"column":14}},"5":{"start":{"line":15,"column":0},"end":{"line":15,"column":39}}},"fnMap":{"0":{"name":"calculateShipping","decl":{"start":{"line":9,"column":9},"end":{"line":9,"column":26}},"loc":{"start":{"line":9,"column":49},"end":{"line":13,"column":1}},"line":9}},"branchMap":{"0":{"loc":{"start":{"line":10,"column":2},"end":{"line":10,"column":32}},"type":"if","locations":[{"start":{"line":10,"column":2},"end":{"line":10,"column":32}},{"start":{},"end":{}}],"line":10},"1":{"loc":{"start":{"line":11,"column":2},"end":{"line":11,"column":35}},"type":"if","locations":[{"start":{"line":11,"column":2},"end":{"line":11,"column":35}},{"start":{},"end":{}}],"line":11}},"s":{"0":1,"1":0,"2":1,"3":0,"4":1,"5":5},"f":{"0":1},"b":{"0":[0,1],"1":[0,1]},"_coverageSchema":"1a1c01bbd47fc00a2c39e90264f33305004495a9","hash":"abe2f9da2a5021f99794fffa81bac6f7a5fecde6"}
}
