TN:
SF:app.js
FN:65,(anonymous_0)
FN:108,(anonymous_1)
FN:119,(anonymous_2)
FN:130,(anonymous_3)
FNF:4
FNH:0
FNDA:0,(anonymous_0)
FNDA:0,(anonymous_1)
FNDA:0,(anonymous_2)
FNDA:0,(anonymous_3)
DA:1,5
DA:2,5
DA:3,5
DA:4,5
DA:5,5
DA:6,5
DA:7,5
DA:8,5
DA:16,5
DA:17,5
DA:18,5
DA:20,5
DA:23,5
DA:25,5
DA:34,5
DA:47,5
DA:59,5
DA:60,5
DA:61,5
DA:62,5
DA:63,5
DA:64,5
DA:65,5
DA:66,0
DA:67,0
DA:69,0
DA:75,5
DA:80,5
DA:81,5
DA:82,5
DA:83,5
DA:84,5
DA:89,5
DA:90,5
DA:91,5
DA:92,5
DA:93,5
DA:94,5
DA:95,5
DA:96,5
DA:97,5
DA:98,5
DA:99,5
DA:100,5
DA:101,5
DA:102,5
DA:103,5
DA:108,5
DA:109,0
DA:119,5
DA:120,0
DA:121,0
DA:122,0
DA:124,0
DA:130,5
DA:131,0
DA:132,0
DA:133,0
DA:139,5
LF:59
LH:48
BRDA:26,0,0,5
BRDA:26,0,1,0
BRDA:27,1,0,5
BRDA:27,1,1,0
BRDA:66,2,0,0
BRDA:66,2,1,0
BRDA:120,3,0,0
BRDA:120,3,1,0
BRDA:133,4,0,0
BRDA:133,4,1,0
BRDA:134,5,0,0
BRDA:134,5,1,0
BRDA:135,6,0,0
BRDA:135,6,1,0
BRF:14
BRH:2
end_of_record
TN:
SF:cloudinaryConfig.js
FNF:0
FNH:0
DA:1,5
DA:3,5
DA:9,5
LF:3
LH:3
BRF:0
BRH:0
end_of_record
TN:
SF:logger.js
FN:4,(anonymous_0)
FNF:1
FNH:1
FNDA:17,(anonymous_0)
DA:1,3
DA:2,3
DA:4,3
DA:5,17
DA:8,3
DA:24,3
LF:6
LH:6
BRDA:9,0,0,3
BRDA:9,0,1,3
BRF:2
BRH:2
end_of_record
TN:
SF:controllers/productController.js
FN:4,(anonymous_0)
FN:15,(anonymous_1)
FN:28,(anonymous_2)
FN:55,(anonymous_3)
FN:111,(anonymous_4)
FN:187,(anonymous_5)
FNF:6
FNH:1
FNDA:1,(anonymous_0)
FNDA:0,(anonymous_1)
FNDA:0,(anonymous_2)
FNDA:0,(anonymous_3)
FNDA:0,(anonymous_4)
FNDA:0,(anonymous_5)
DA:1,5
DA:4,5
DA:5,1
DA:6,1
DA:7,1
DA:9,0
DA:10,0
DA:15,5
DA:16,0
DA:17,0
DA:18,0
DA:19,0
DA:20,0
DA:22,0
DA:23,0
DA:28,5
DA:29,0
DA:30,0
DA:31,0
DA:33,0
DA:34,0
DA:35,0
DA:37,0
DA:44,0
DA:45,0
DA:47,0
DA:49,0
DA:50,0
DA:55,5
DA:56,0
DA:72,0
DA:75,0
DA:76,0
DA:81,0
DA:83,0
DA:102,0
DA:103,0
DA:105,0
DA:106,0
DA:111,5
DA:112,0
DA:113,0
DA:114,0
DA:115,0
DA:132,0
DA:135,0
DA:140,0
DA:145,0
DA:146,0
DA:147,0
DA:148,0
DA:150,0
DA:151,0
DA:152,0
DA:155,0
DA:156,0
DA:160,0
DA:162,0
DA:163,0
DA:164,0
DA:168,0
DA:169,0
DA:171,0
DA:172,0
DA:174,0
DA:175,0
DA:178,0
DA:179,0
DA:181,0
DA:182,0
DA:187,5
DA:188,0
DA:189,0
DA:190,0
DA:191,0
DA:193,0
DA:195,0
DA:196,0
LF:78
LH:10
BRDA:18,0,0,0
BRDA:18,0,1,0
BRDA:34,1,0,0
BRDA:34,1,1,0
BRDA:75,2,0,0
BRDA:75,2,1,0
BRDA:96,3,0,0
BRDA:96,3,1,0
BRDA:97,4,0,0
BRDA:97,4,1,0
BRDA:98,5,0,0
BRDA:98,5,1,0
BRDA:114,6,0,0
BRDA:114,6,1,0
BRDA:135,7,0,0
BRDA:135,7,1,0
BRDA:136,8,0,0
BRDA:136,8,1,0
BRDA:136,8,2,0
BRDA:145,9,0,0
BRDA:145,9,1,0
BRDA:146,10,0,0
BRDA:146,10,1,0
BRDA:147,11,0,0
BRDA:147,11,1,0
BRDA:149,12,0,0
BRDA:149,12,1,0
BRDA:150,13,0,0
BRDA:150,13,1,0
BRDA:151,14,0,0
BRDA:151,14,1,0
BRDA:152,15,0,0
BRDA:152,15,1,0
BRDA:155,16,0,0
BRDA:155,16,1,0
BRDA:160,17,0,0
BRDA:160,17,1,0
BRDA:162,18,0,0
BRDA:162,18,1,0
BRDA:163,19,0,0
BRDA:163,19,1,0
BRDA:165,20,0,0
BRDA:165,20,1,0
BRDA:165,21,0,0
BRDA:165,21,1,0
BRDA:168,22,0,0
BRDA:168,22,1,0
BRDA:171,23,0,0
BRDA:171,23,1,0
BRDA:174,24,0,0
BRDA:174,24,1,0
BRDA:190,25,0,0
BRDA:190,25,1,0
BRF:53
BRH:0
end_of_record
TN:
SF:middleware/auth.js
FN:9,(anonymous_0)
FN:36,(anonymous_1)
FN:48,(anonymous_2)
FNF:3
FNH:2
FNDA:2,(anonymous_0)
FNDA:0,(anonymous_1)
FNDA:2,(anonymous_2)
DA:1,5
DA:2,5
DA:4,5
DA:9,5
DA:10,2
DA:11,2
DA:13,2
DA:14,1
DA:16,1
DA:18,1
DA:20,1
DA:22,1
DA:24,0
DA:25,0
DA:26,0
DA:28,0
DA:29,0
DA:36,5
DA:37,0
DA:38,0
DA:39,0
DA:40,0
DA:42,0
DA:48,5
DA:49,2
DA:50,2
DA:51,2
DA:52,0
DA:53,0
DA:56,0
DA:58,2
DA:61,5
LF:32
LH:19
BRDA:13,0,0,1
BRDA:13,0,1,1
BRDA:13,1,0,2
BRDA:13,1,1,1
BRDA:24,2,0,0
BRDA:24,2,1,0
BRDA:37,3,0,0
BRDA:37,3,1,0
BRDA:38,4,0,0
BRDA:38,4,1,0
BRDA:51,5,0,0
BRDA:51,5,1,2
BRDA:51,6,0,2
BRDA:51,6,1,0
BRF:14
BRH:6
end_of_record
TN:
SF:middleware/morganLogger.js
FN:5,(anonymous_0)
FNF:1
FNH:1
FNDA:18,(anonymous_0)
DA:1,5
DA:2,5
DA:4,5
DA:5,18
DA:8,5
DA:10,5
LF:6
LH:6
BRF:0
BRH:0
end_of_record
TN:
SF:middleware/rateLimit.js
FN:17,(anonymous_0)
FNF:1
FNH:1
FNDA:21,(anonymous_0)
DA:2,5
DA:5,5
DA:12,5
DA:18,21
DA:26,5
DA:35,5
DA:44,5
DA:51,5
DA:58,5
DA:65,5
LF:10
LH:10
BRDA:19,0,0,21
BRDA:19,0,1,21
BRF:2
BRH:2
end_of_record
TN:
SF:models/Lead.js
FNF:0
FNH:0
DA:1,5
DA:3,5
DA:30,5
LF:3
LH:3
BRF:0
BRH:0
end_of_record
TN:
SF:models/RefreshToken.js
FNF:0
FNH:0
DA:1,5
DA:3,5
DA:11,5
LF:3
LH:3
BRF:0
BRH:0
end_of_record
TN:
SF:models/Review.js
FNF:0
FNH:0
DA:1,5
DA:3,5
DA:11,5
LF:3
LH:3
BRF:0
BRH:0
end_of_record
TN:
SF:models/User.js
FN:86,(anonymous_0)
FN:97,(anonymous_1)
FN:104,(anonymous_2)
FNF:3
FNH:3
FNDA:3,(anonymous_0)
FNDA:4,(anonymous_1)
FNDA:2,(anonymous_2)
DA:1,5
DA:2,5
DA:4,5
DA:18,5
DA:26,5
DA:86,3
DA:97,5
DA:98,4
DA:99,3
DA:100,3
DA:101,3
DA:104,5
DA:105,2
DA:108,5
LF:14
LH:14
BRDA:98,0,0,1
BRDA:98,0,1,3
BRF:2
BRH:2
end_of_record
TN:
SF:models/cartModel.js
FNF:0
FNH:0
DA:2,5
DA:7,5
DA:23,5
DA:32,5
LF:4
LH:4
BRF:0
BRH:0
end_of_record
TN:
SF:models/expenseModel.js
FNF:0
FNH:0
DA:2,5
DA:4,5
DA:35,5
LF:3
LH:3
BRF:0
BRH:0
end_of_record
TN:
SF:models/orderModel.js
FN:98,(anonymous_0)
FN:109,(anonymous_1)
FNF:2
FNH:2
FNDA:5,(anonymous_0)
FNDA:4,(anonymous_1)
DA:1,5
DA:3,5
DA:30,5
DA:98,5
DA:99,5
DA:108,4
DA:109,4
DA:112,4
DA:114,4
DA:115,3
DA:118,4
DA:126,5
DA:129,5
LF:13
LH:13
BRDA:99,0,0,4
BRDA:99,0,1,1
BRDA:100,1,0,5
BRDA:100,1,1,2
BRDA:100,1,2,2
BRDA:100,1,3,2
BRDA:100,1,4,2
BRDA:100,1,5,2
BRDA:100,1,6,2
BRDA:109,2,0,4
BRDA:109,2,1,0
BRDA:114,3,0,3
BRDA:114,3,1,1
BRDA:121,4,0,4
BRDA:121,4,1,4
BRF:15
BRH:14
end_of_record
TN:
SF:models/productModel.js
FNF:0
FNH:0
DA:1,5
DA:2,5
DA:4,5
DA:11,5
DA:17,5
DA:25,5
DA:56,5
DA:58,5
LF:8
LH:8
BRF:0
BRH:0
end_of_record
TN:
SF:models/siteSettingsModel.js
FN:29,getSingleton
FNF:1
FNH:0
FNDA:0,getSingleton
DA:1,5
DA:3,5
DA:29,5
DA:30,0
DA:31,0
DA:32,0
DA:34,0
DA:37,5
LF:8
LH:4
BRDA:31,0,0,0
BRDA:31,0,1,0
BRF:2
BRH:0
end_of_record
TN:
SF:routes/admin.js
FN:15,(anonymous_0)
FN:71,(anonymous_1)
FN:82,(anonymous_2)
FN:83,(anonymous_3)
FN:93,(anonymous_4)
FN:193,(anonymous_5)
FN:204,(anonymous_6)
FN:210,(anonymous_7)
FN:212,(anonymous_8)
FN:227,(anonymous_9)
FN:231,(anonymous_10)
FN:248,(anonymous_11)
FN:304,(anonymous_12)
FN:326,(anonymous_13)
FN:339,(anonymous_14)
FN:360,(anonymous_15)
FN:363,(anonymous_16)
FN:385,(anonymous_17)
FN:404,(anonymous_18)
FN:409,(anonymous_19)
FNF:20
FNH:0
FNDA:0,(anonymous_0)
FNDA:0,(anonymous_1)
FNDA:0,(anonymous_2)
FNDA:0,(anonymous_3)
FNDA:0,(anonymous_4)
FNDA:0,(anonymous_5)
FNDA:0,(anonymous_6)
FNDA:0,(anonymous_7)
FNDA:0,(anonymous_8)
FNDA:0,(anonymous_9)
FNDA:0,(anonymous_10)
FNDA:0,(anonymous_11)
FNDA:0,(anonymous_12)
FNDA:0,(anonymous_13)
FNDA:0,(anonymous_14)
FNDA:0,(anonymous_15)
FNDA:0,(anonymous_16)
FNDA:0,(anonymous_17)
FNDA:0,(anonymous_18)
FNDA:0,(anonymous_19)
DA:2,5
DA:3,5
DA:4,5
DA:5,5
DA:6,5
DA:7,5
DA:9,5
DA:12,5
DA:15,5
DA:16,0
DA:17,0
DA:19,0
DA:20,0
DA:21,0
DA:22,0
DA:23,0
DA:27,0
DA:29,0
DA:34,0
DA:36,0
DA:40,0
DA:42,0
DA:46,0
DA:48,0
DA:52,0
DA:54,0
DA:58,0
DA:60,0
DA:64,0
DA:67,0
DA:70,0
DA:71,0
DA:74,0
DA:75,0
DA:76,0
DA:77,0
DA:78,0
DA:81,0
DA:82,0
DA:83,0
DA:84,0
DA:85,0
DA:89,0
DA:93,0
DA:95,0
DA:100,0
DA:105,0
DA:108,0
DA:132,0
DA:146,0
DA:175,0
DA:178,0
DA:184,0
DA:185,0
DA:187,0
DA:192,0
DA:193,0
DA:194,0
DA:195,0
DA:196,0
DA:198,0
DA:199,0
DA:200,0
DA:203,0
DA:204,0
DA:208,0
DA:210,0
DA:212,0
DA:213,0
DA:214,0
DA:215,0
DA:219,0
DA:220,0
DA:225,0
DA:226,0
DA:227,0
DA:228,0
DA:231,0
DA:232,0
DA:233,0
DA:234,0
DA:235,0
DA:237,0
DA:240,0
DA:247,0
DA:248,0
DA:250,0
DA:254,0
DA:255,0
DA:256,0
DA:259,0
DA:263,0
DA:298,0
DA:299,0
DA:304,5
DA:305,0
DA:306,0
DA:307,0
DA:308,0
DA:309,0
DA:313,0
DA:320,0
DA:321,0
DA:326,5
DA:327,0
DA:328,0
DA:329,0
DA:330,0
DA:331,0
DA:332,0
DA:333,0
DA:335,0
DA:339,0
DA:353,0
DA:355,0
DA:360,5
DA:361,0
DA:362,0
DA:363,0
DA:378,0
DA:380,0
DA:385,5
DA:386,0
DA:387,0
DA:388,0
DA:390,0
DA:398,0
DA:399,0
DA:400,0
DA:401,0
DA:404,0
DA:405,0
DA:406,0
DA:407,0
DA:408,0
DA:409,0
DA:410,0
DA:414,0
DA:416,0
DA:420,5
LF:140
LH:14
BRDA:20,0,0,0
BRDA:20,0,1,0
BRDA:20,1,0,0
BRDA:20,1,1,0
BRDA:22,2,0,0
BRDA:22,2,1,0
BRDA:23,3,0,0
BRDA:23,3,1,0
BRDA:40,4,0,0
BRDA:40,4,1,0
BRDA:46,5,0,0
BRDA:46,5,1,0
BRDA:52,6,0,0
BRDA:52,6,1,0
BRDA:58,7,0,0
BRDA:58,7,1,0
BRDA:64,8,0,0
BRDA:64,8,1,0
BRDA:67,9,0,0
BRDA:67,9,1,0
BRDA:75,10,0,0
BRDA:75,10,1,0
BRDA:75,11,0,0
BRDA:75,11,1,0
BRDA:77,12,0,0
BRDA:77,12,1,0
BRDA:78,13,0,0
BRDA:78,13,1,0
BRDA:84,14,0,0
BRDA:84,14,1,0
BRDA:95,15,0,0
BRDA:95,15,1,0
BRDA:105,16,0,0
BRDA:105,16,1,0
BRDA:195,17,0,0
BRDA:195,17,1,0
BRDA:200,18,0,0
BRDA:200,18,1,0
BRDA:235,19,0,0
BRDA:235,19,1,0
BRDA:254,20,0,0
BRDA:254,20,1,0
BRDA:256,21,0,0
BRDA:256,21,1,0
BRDA:259,22,0,0
BRDA:259,22,1,0
BRDA:317,23,0,0
BRDA:317,23,1,0
BRDA:330,24,0,0
BRDA:330,24,1,0
BRDA:330,25,0,0
BRDA:330,25,1,0
BRDA:332,26,0,0
BRDA:332,26,1,0
BRDA:333,27,0,0
BRDA:333,27,1,0
BRDA:342,28,0,0
BRDA:342,28,1,0
BRDA:342,28,2,0
BRDA:343,29,0,0
BRDA:343,29,1,0
BRDA:343,29,2,0
BRDA:345,30,0,0
BRDA:345,30,1,0
BRDA:346,31,0,0
BRDA:346,31,1,0
BRDA:347,32,0,0
BRDA:347,32,1,0
BRDA:348,33,0,0
BRDA:348,33,1,0
BRDA:350,34,0,0
BRDA:350,34,1,0
BRDA:370,35,0,0
BRDA:370,35,1,0
BRDA:374,36,0,0
BRDA:374,36,1,0
BRDA:375,37,0,0
BRDA:375,37,1,0
BRDA:376,38,0,0
BRDA:376,38,1,0
BRDA:388,39,0,0
BRDA:388,39,1,0
BRDA:408,40,0,0
BRDA:408,40,1,0
BRF:84
BRH:0
end_of_record
TN:
SF:routes/auth.js
FN:27,readEnv
FN:36,createAccessToken
FN:49,createRefreshToken
FN:55,createPendingTwoFactorToken
FN:67,toBase32
FN:82,fromBase32
FN:100,generateTwoFactorSecret
FN:104,generateTotp
FN:121,verifyTotp
FN:125,(anonymous_9)
FN:129,generateRecoveryCodes
FN:130,(anonymous_11)
FN:135,hashRecoveryCode
FN:146,consumeRecoveryCode
FN:150,(anonymous_14)
FN:158,serializeUser
FN:172,buildFrontendErrorRedirect
FN:179,buildFrontendSuccessRedirect
FN:196,createSessionCookie
FN:207,(anonymous_19)
FN:253,(anonymous_20)
FN:292,(anonymous_21)
FN:320,(anonymous_22)
FN:345,(anonymous_23)
FN:415,(anonymous_24)
FN:454,(anonymous_25)
FN:484,(anonymous_26)
FN:517,(anonymous_27)
FN:541,(anonymous_28)
FN:578,(anonymous_29)
FN:619,(anonymous_30)
FN:653,(anonymous_31)
FN:698,(anonymous_32)
FN:722,(anonymous_33)
FNF:34
FNH:8
FNDA:5,readEnv
FNDA:6,createAccessToken
FNDA:5,createRefreshToken
FNDA:0,createPendingTwoFactorToken
FNDA:0,toBase32
FNDA:0,fromBase32
FNDA:0,generateTwoFactorSecret
FNDA:0,generateTotp
FNDA:0,verifyTotp
FNDA:0,(anonymous_9)
FNDA:0,generateRecoveryCodes
FNDA:0,(anonymous_11)
FNDA:0,hashRecoveryCode
FNDA:0,consumeRecoveryCode
FNDA:0,(anonymous_14)
FNDA:7,serializeUser
FNDA:0,buildFrontendErrorRedirect
FNDA:0,buildFrontendSuccessRedirect
FNDA:0,createSessionCookie
FNDA:4,(anonymous_19)
FNDA:2,(anonymous_20)
FNDA:0,(anonymous_21)
FNDA:0,(anonymous_22)
FNDA:0,(anonymous_23)
FNDA:1,(anonymous_24)
FNDA:1,(anonymous_25)
FNDA:0,(anonymous_26)
FNDA:0,(anonymous_27)
FNDA:0,(anonymous_28)
FNDA:0,(anonymous_29)
FNDA:0,(anonymous_30)
FNDA:0,(anonymous_31)
FNDA:0,(anonymous_32)
FNDA:0,(anonymous_33)
DA:1,5
DA:2,5
DA:3,5
DA:4,5
DA:5,5
DA:6,5
DA:7,5
DA:8,5
DA:9,5
DA:10,5
DA:11,5
DA:13,5
DA:15,5
DA:16,5
DA:17,5
DA:18,5
DA:19,5
DA:20,5
DA:21,5
DA:23,5
DA:28,5
DA:31,5
DA:32,0
DA:33,0
DA:37,6
DA:50,5
DA:56,0
DA:68,0
DA:69,0
DA:70,0
DA:71,0
DA:73,0
DA:74,0
DA:76,0
DA:77,0
DA:79,0
DA:83,0
DA:87,0
DA:88,0
DA:89,0
DA:90,0
DA:91,0
DA:93,0
DA:94,0
DA:95,0
DA:97,0
DA:101,0
DA:105,0
DA:106,0
DA:107,0
DA:108,0
DA:109,0
DA:110,0
DA:111,0
DA:112,0
DA:114,0
DA:118,0
DA:122,0
DA:123,0
DA:124,0
DA:125,0
DA:130,0
DA:131,0
DA:136,0
DA:147,0
DA:148,0
DA:149,0
DA:150,0
DA:152,0
DA:153,0
DA:154,0
DA:155,0
DA:159,7
DA:173,0
DA:174,0
DA:175,0
DA:176,0
DA:180,0
DA:181,0
DA:182,0
DA:183,0
DA:186,5
DA:197,0
DA:198,0
DA:199,0
DA:200,0
DA:201,0
DA:207,5
DA:208,4
DA:209,4
DA:210,4
DA:211,1
DA:215,1
DA:218,3
DA:219,3
DA:220,0
DA:222,3
DA:223,3
DA:225,3
DA:232,3
DA:234,3
DA:235,3
DA:236,3
DA:237,3
DA:239,3
DA:245,0
DA:246,0
DA:253,5
DA:254,2
DA:255,2
DA:256,2
DA:257,0
DA:259,2
DA:260,2
DA:261,0
DA:264,2
DA:265,0
DA:273,2
DA:274,2
DA:275,2
DA:276,2
DA:278,2
DA:284,0
DA:285,0
DA:292,5
DA:293,0
DA:294,0
DA:295,0
DA:296,0
DA:298,0
DA:299,0
DA:304,0
DA:306,0
DA:307,0
DA:309,0
DA:310,0
DA:312,0
DA:313,0
DA:320,5
DA:321,0
DA:322,0
DA:323,0
DA:325,0
DA:326,0
DA:329,0
DA:338,0
DA:345,5
DA:346,0
DA:347,0
DA:348,0
DA:350,0
DA:351,0
DA:354,0
DA:355,0
DA:356,0
DA:357,0
DA:360,0
DA:372,0
DA:373,0
DA:378,0
DA:379,0
DA:380,0
DA:384,0
DA:387,0
DA:388,0
DA:397,0
DA:399,0
DA:400,0
DA:401,0
DA:404,0
DA:405,0
DA:407,0
DA:408,0
DA:415,5
DA:416,1
DA:417,1
DA:421,1
DA:422,0
DA:423,0
DA:424,0
DA:429,0
DA:430,0
DA:431,0
DA:432,0
DA:433,0
DA:434,0
DA:436,0
DA:440,1
DA:442,1
DA:443,1
DA:444,1
DA:445,1
DA:447,0
DA:454,5
DA:455,1
DA:456,1
DA:457,1
DA:459,1
DA:460,1
DA:461,0
DA:462,0
DA:463,0
DA:465,1
DA:466,1
DA:467,1
DA:469,1
DA:470,1
DA:476,0
DA:477,0
DA:484,5
DA:485,0
DA:486,0
DA:487,0
DA:488,0
DA:490,0
DA:491,0
DA:493,0
DA:494,0
DA:496,0
DA:497,0
DA:499,0
DA:500,0
DA:502,0
DA:503,0
DA:509,0
DA:510,0
DA:517,5
DA:518,0
DA:519,0
DA:522,0
DA:524,0
DA:525,0
DA:526,0
DA:528,0
DA:533,0
DA:534,0
DA:541,5
DA:542,0
DA:543,0
DA:544,0
DA:547,0
DA:548,0
DA:549,0
DA:551,0
DA:552,0
DA:555,0
DA:556,0
DA:557,0
DA:558,0
DA:559,0
DA:560,0
DA:562,0
DA:563,0
DA:570,0
DA:571,0
DA:578,5
DA:579,0
DA:580,0
DA:581,0
DA:584,0
DA:585,0
DA:586,0
DA:588,0
DA:589,0
DA:592,0
DA:593,0
DA:594,0
DA:595,0
DA:598,0
DA:599,0
DA:600,0
DA:601,0
DA:602,0
DA:604,0
DA:605,0
DA:611,0
DA:612,0
DA:619,5
DA:620,0
DA:621,0
DA:622,0
DA:625,0
DA:626,0
DA:627,0
DA:629,0
DA:630,0
DA:633,0
DA:634,0
DA:635,0
DA:636,0
DA:639,0
DA:640,0
DA:641,0
DA:643,0
DA:645,0
DA:646,0
DA:653,5
DA:654,0
DA:655,0
DA:656,0
DA:657,0
DA:660,0
DA:661,0
DA:662,0
DA:665,0
DA:668,0
DA:669,0
DA:670,0
DA:673,0
DA:674,0
DA:675,0
DA:676,0
DA:679,0
DA:680,0
DA:681,0
DA:682,0
DA:684,0
DA:690,0
DA:691,0
DA:698,5
DA:699,0
DA:700,0
DA:701,0
DA:702,0
DA:704,0
DA:711,0
DA:712,0
DA:714,0
DA:715,0
DA:722,5
DA:723,0
DA:724,0
DA:725,0
DA:726,0
DA:728,0
DA:729,0
DA:731,0
DA:732,0
DA:736,5
LF:339
LH:87
BRDA:23,0,0,5
BRDA:23,0,1,0
BRDA:23,0,2,0
BRDA:28,1,0,5
BRDA:28,1,1,0
BRDA:31,2,0,0
BRDA:31,2,1,5
BRDA:31,3,0,5
BRDA:31,3,1,5
BRDA:90,4,0,0
BRDA:90,4,1,0
BRDA:104,5,0,0
BRDA:122,6,0,0
BRDA:122,6,1,0
BRDA:123,7,0,0
BRDA:123,7,1,0
BRDA:123,8,0,0
BRDA:123,8,1,0
BRDA:139,9,0,0
BRDA:139,9,1,0
BRDA:148,10,0,0
BRDA:148,10,1,0
BRDA:152,11,0,0
BRDA:152,11,1,0
BRDA:163,12,0,7
BRDA:163,12,1,6
BRDA:165,13,0,7
BRDA:165,13,1,0
BRDA:167,14,0,7
BRDA:167,14,1,0
BRDA:172,15,0,0
BRDA:175,16,0,0
BRDA:175,16,1,0
BRDA:179,17,0,0
BRDA:182,18,0,0
BRDA:182,18,1,0
BRDA:189,19,0,0
BRDA:189,19,1,5
BRDA:191,20,0,0
BRDA:191,20,1,5
BRDA:210,21,0,1
BRDA:210,21,1,3
BRDA:219,22,0,0
BRDA:219,22,1,3
BRDA:219,23,0,3
BRDA:219,23,1,3
BRDA:219,23,2,3
BRDA:223,24,0,0
BRDA:223,24,1,3
BRDA:256,25,0,0
BRDA:256,25,1,2
BRDA:256,26,0,2
BRDA:256,26,1,2
BRDA:260,27,0,0
BRDA:260,27,1,2
BRDA:260,28,0,2
BRDA:260,28,1,2
BRDA:264,29,0,0
BRDA:264,29,1,2
BRDA:264,30,0,2
BRDA:264,30,1,0
BRDA:295,31,0,0
BRDA:295,31,1,0
BRDA:304,32,0,0
BRDA:304,32,1,0
BRDA:307,33,0,0
BRDA:307,33,1,0
BRDA:325,34,0,0
BRDA:325,34,1,0
BRDA:325,35,0,0
BRDA:325,35,1,0
BRDA:325,35,2,0
BRDA:350,36,0,0
BRDA:350,36,1,0
BRDA:350,37,0,0
BRDA:350,37,1,0
BRDA:350,37,2,0
BRDA:356,38,0,0
BRDA:356,38,1,0
BRDA:356,39,0,0
BRDA:356,39,1,0
BRDA:357,40,0,0
BRDA:357,40,1,0
BRDA:379,41,0,0
BRDA:379,41,1,0
BRDA:384,42,0,0
BRDA:384,42,1,0
BRDA:384,42,2,0
BRDA:387,43,0,0
BRDA:387,43,1,0
BRDA:389,44,0,0
BRDA:389,44,1,0
BRDA:395,45,0,0
BRDA:395,45,1,0
BRDA:399,46,0,0
BRDA:399,46,1,0
BRDA:400,47,0,0
BRDA:400,47,1,0
BRDA:400,48,0,0
BRDA:400,48,1,0
BRDA:417,49,0,1
BRDA:417,49,1,0
BRDA:421,50,0,0
BRDA:421,50,1,1
BRDA:421,51,0,1
BRDA:421,51,1,0
BRDA:429,52,0,0
BRDA:429,52,1,0
BRDA:432,53,0,0
BRDA:432,53,1,0
BRDA:440,54,0,0
BRDA:440,54,1,1
BRDA:444,55,0,0
BRDA:444,55,1,1
BRDA:457,56,0,0
BRDA:457,56,1,1
BRDA:460,57,0,0
BRDA:460,57,1,1
BRDA:460,58,0,1
BRDA:460,58,1,0
BRDA:462,59,0,0
BRDA:462,59,1,0
BRDA:465,60,0,1
BRDA:465,60,1,0
BRDA:466,61,0,1
BRDA:466,61,1,0
BRDA:487,62,0,0
BRDA:487,62,1,0
BRDA:487,63,0,0
BRDA:487,63,1,0
BRDA:490,64,0,0
BRDA:490,64,1,0
BRDA:494,65,0,0
BRDA:494,65,1,0
BRDA:496,66,0,0
BRDA:496,66,1,0
BRDA:522,67,0,0
BRDA:522,67,1,0
BRDA:547,68,0,0
BRDA:547,68,1,0
BRDA:548,69,0,0
BRDA:548,69,1,0
BRDA:551,70,0,0
BRDA:551,70,1,0
BRDA:584,71,0,0
BRDA:584,71,1,0
BRDA:585,72,0,0
BRDA:585,72,1,0
BRDA:585,73,0,0
BRDA:585,73,1,0
BRDA:588,74,0,0
BRDA:588,74,1,0
BRDA:588,75,0,0
BRDA:588,75,1,0
BRDA:593,76,0,0
BRDA:593,76,1,0
BRDA:594,77,0,0
BRDA:594,77,1,0
BRDA:594,78,0,0
BRDA:594,78,1,0
BRDA:625,79,0,0
BRDA:625,79,1,0
BRDA:626,80,0,0
BRDA:626,80,1,0
BRDA:626,81,0,0
BRDA:626,81,1,0
BRDA:629,82,0,0
BRDA:629,82,1,0
BRDA:629,83,0,0
BRDA:629,83,1,0
BRDA:634,84,0,0
BRDA:634,84,1,0
BRDA:635,85,0,0
BRDA:635,85,1,0
BRDA:635,86,0,0
BRDA:635,86,1,0
BRDA:656,87,0,0
BRDA:656,87,1,0
BRDA:661,88,0,0
BRDA:661,88,1,0
BRDA:668,89,0,0
BRDA:668,89,1,0
BRDA:669,90,0,0
BRDA:669,90,1,0
BRDA:669,91,0,0
BRDA:669,91,1,0
BRDA:674,92,0,0
BRDA:674,92,1,0
BRDA:675,93,0,0
BRDA:675,93,1,0
BRDA:675,94,0,0
BRDA:675,94,1,0
BRDA:702,95,0,0
BRDA:702,95,1,0
BRDA:725,96,0,0
BRDA:725,96,1,0
BRF:196
BRH:36
end_of_record
TN:
SF:routes/cart.js
FN:12,(anonymous_0)
FN:27,normalizeIncomingItems
FN:31,(anonymous_2)
FN:39,sanitizeCartDocument
FN:42,(anonymous_4)
FN:56,(anonymous_5)
FN:97,(anonymous_6)
FN:104,(anonymous_7)
FN:107,(anonymous_8)
FN:126,(anonymous_9)
FN:156,(anonymous_10)
FN:163,(anonymous_11)
FN:166,(anonymous_12)
FNF:13
FNH:0
FNDA:0,(anonymous_0)
FNDA:0,normalizeIncomingItems
FNDA:0,(anonymous_2)
FNDA:0,sanitizeCartDocument
FNDA:0,(anonymous_4)
FNDA:0,(anonymous_5)
FNDA:0,(anonymous_6)
FNDA:0,(anonymous_7)
FNDA:0,(anonymous_8)
FNDA:0,(anonymous_9)
FNDA:0,(anonymous_10)
FNDA:0,(anonymous_11)
FNDA:0,(anonymous_12)
DA:1,5
DA:2,5
DA:3,5
DA:4,5
DA:5,5
DA:7,5
DA:12,5
DA:13,0
DA:19,5
DA:28,0
DA:30,0
DA:32,0
DA:40,0
DA:42,0
DA:43,0
DA:44,0
DA:45,0
DA:46,0
DA:49,0
DA:56,5
DA:57,0
DA:58,0
DA:61,0
DA:63,0
DA:64,0
DA:65,0
DA:66,0
DA:67,0
DA:68,0
DA:69,0
DA:70,0
DA:71,0
DA:73,0
DA:74,0
DA:75,0
DA:80,0
DA:83,0
DA:84,0
DA:85,0
DA:86,0
DA:87,0
DA:89,0
DA:92,0
DA:97,0
DA:103,0
DA:104,0
DA:107,0
DA:108,0
DA:109,0
DA:111,0
DA:118,0
DA:119,0
DA:126,5
DA:127,0
DA:128,0
DA:131,0
DA:132,0
DA:138,0
DA:139,0
DA:140,0
DA:141,0
DA:144,0
DA:151,0
DA:156,0
DA:162,0
DA:163,0
DA:166,0
DA:167,0
DA:168,0
DA:170,0
DA:177,0
DA:178,0
DA:182,5
LF:73
LH:11
BRDA:28,0,0,0
BRDA:28,0,1,0
BRDA:32,1,0,0
BRDA:32,1,1,0
BRDA:32,1,2,0
BRDA:32,1,3,0
BRDA:40,2,0,0
BRDA:40,2,1,0
BRDA:42,3,0,0
BRDA:42,3,1,0
BRDA:43,4,0,0
BRDA:43,4,1,0
BRDA:61,5,0,0
BRDA:61,5,1,0
BRDA:63,6,0,0
BRDA:63,6,1,0
BRDA:65,7,0,0
BRDA:65,7,1,0
BRDA:67,8,0,0
BRDA:67,8,1,0
BRDA:84,9,0,0
BRDA:84,9,1,0
BRDA:99,10,0,0
BRDA:99,10,1,0
BRDA:100,11,0,0
BRDA:100,11,1,0
BRDA:104,12,0,0
BRDA:104,12,1,0
BRDA:131,13,0,0
BRDA:131,13,1,0
BRDA:139,14,0,0
BRDA:139,14,1,0
BRDA:158,15,0,0
BRDA:158,15,1,0
BRDA:159,16,0,0
BRDA:159,16,1,0
BRDA:163,17,0,0
BRDA:163,17,1,0
BRF:38
BRH:0
end_of_record
TN:
SF:routes/checkout.js
FN:8,(anonymous_0)
FN:26,(anonymous_1)
FN:30,(anonymous_2)
FN:46,(anonymous_3)
FN:94,(anonymous_4)
FNF:5
FNH:0
FNDA:0,(anonymous_0)
FNDA:0,(anonymous_1)
FNDA:0,(anonymous_2)
FNDA:0,(anonymous_3)
FNDA:0,(anonymous_4)
DA:1,5
DA:2,5
DA:3,5
DA:4,5
DA:5,5
DA:8,5
DA:9,0
DA:15,0
DA:17,0
DA:18,0
DA:24,0
DA:26,0
DA:30,0
DA:35,0
DA:36,0
DA:37,0
DA:38,0
DA:40,0
DA:41,0
DA:46,0
DA:58,0
DA:59,0
DA:72,0
DA:73,0
DA:74,0
DA:79,0
DA:80,0
DA:82,0
DA:94,0
DA:109,0
DA:115,0
DA:117,0
DA:118,0
DA:119,0
DA:123,5
LF:35
LH:7
BRDA:14,0,0,0
BRDA:17,1,0,0
BRDA:17,1,1,0
BRDA:17,2,0,0
BRDA:17,2,1,0
BRDA:36,3,0,0
BRDA:36,3,1,0
BRDA:38,4,0,0
BRDA:38,4,1,0
BRDA:51,5,0,0
BRDA:51,5,1,0
BRDA:58,6,0,0
BRDA:58,6,1,0
BRDA:72,7,0,0
BRDA:72,7,1,0
BRDA:73,8,0,0
BRDA:73,8,1,0
BRDA:73,8,2,0
BRDA:74,9,0,0
BRDA:74,9,1,0
BRDA:74,9,2,0
BRDA:90,10,0,0
BRDA:90,10,1,0
BRDA:95,11,0,0
BRDA:95,11,1,0
BRF:25
BRH:0
end_of_record
TN:
SF:routes/contact.js
FN:8,normalizeInput
FN:12,escapeHtml
FN:21,isValidEmail
FN:25,getSupportRecipients
FN:32,(anonymous_4)
FNF:5
FNH:0
FNDA:0,normalizeInput
FNDA:0,escapeHtml
FNDA:0,isValidEmail
FNDA:0,getSupportRecipients
FNDA:0,(anonymous_4)
DA:1,5
DA:2,5
DA:3,5
DA:4,5
DA:6,5
DA:9,0
DA:13,0
DA:22,0
DA:26,0
DA:32,5
DA:33,0
DA:34,0
DA:35,0
DA:39,0
DA:42,0
DA:43,0
DA:44,0
DA:45,0
DA:46,0
DA:48,0
DA:49,0
DA:54,0
DA:55,0
DA:58,0
DA:59,0
DA:62,0
DA:63,0
DA:68,0
DA:89,0
DA:90,0
DA:95,0
DA:100,0
DA:107,0
DA:132,0
DA:133,0
DA:140,0
DA:146,5
LF:37
LH:7
BRDA:8,0,0,0
BRDA:12,1,0,0
BRDA:21,2,0,0
BRDA:34,3,0,0
BRDA:34,3,1,0
BRDA:48,4,0,0
BRDA:48,4,1,0
BRDA:48,5,0,0
BRDA:48,5,1,0
BRDA:48,5,2,0
BRDA:48,5,3,0
BRDA:54,6,0,0
BRDA:54,6,1,0
BRDA:58,7,0,0
BRDA:58,7,1,0
BRDA:62,8,0,0
BRDA:62,8,1,0
BRDA:62,9,0,0
BRDA:62,9,1,0
BRDA:89,10,0,0
BRDA:89,10,1,0
BRDA:104,11,0,0
BRDA:104,11,1,0
BRDA:132,12,0,0
BRDA:132,12,1,0
BRF:25
BRH:0
end_of_record
TN:
SF:routes/expenses.js
FN:11,(anonymous_0)
FN:32,(anonymous_1)
FN:55,(anonymous_2)
FN:82,(anonymous_3)
FN:97,(anonymous_4)
FN:116,(anonymous_5)
FN:131,createStripeExpense
FNF:7
FNH:0
FNDA:0,(anonymous_0)
FNDA:0,(anonymous_1)
FNDA:0,(anonymous_2)
FNDA:0,(anonymous_3)
FNDA:0,(anonymous_4)
FNDA:0,(anonymous_5)
FNDA:0,createStripeExpense
DA:1,5
DA:2,5
DA:3,5
DA:4,5
DA:5,5
DA:8,5
DA:11,5
DA:12,0
DA:13,0
DA:15,0
DA:24,0
DA:26,0
DA:27,0
DA:32,5
DA:33,0
DA:34,0
DA:36,0
DA:37,0
DA:38,0
DA:39,0
DA:40,0
DA:42,0
DA:44,0
DA:48,0
DA:50,0
DA:55,5
DA:56,0
DA:57,0
DA:60,0
DA:61,0
DA:62,0
DA:63,0
DA:64,0
DA:65,0
DA:68,0
DA:69,0
DA:70,0
DA:73,0
DA:77,0
DA:82,0
DA:83,0
DA:84,0
DA:85,0
DA:87,0
DA:90,0
DA:92,0
DA:97,5
DA:98,0
DA:99,0
DA:105,0
DA:106,0
DA:109,0
DA:111,0
DA:116,5
DA:117,0
DA:118,0
DA:120,0
DA:121,0
DA:124,0
DA:126,0
DA:132,0
DA:133,0
DA:135,0
DA:143,0
DA:147,5
LF:65
LH:12
BRDA:19,0,0,0
BRDA:19,0,1,0
BRDA:37,1,0,0
BRDA:37,1,1,0
BRDA:37,2,0,0
BRDA:37,2,1,0
BRDA:39,3,0,0
BRDA:39,3,1,0
BRDA:40,4,0,0
BRDA:40,4,1,0
BRDA:42,5,0,0
BRDA:42,5,1,0
BRDA:60,6,0,0
BRDA:60,6,1,0
BRDA:60,7,0,0
BRDA:60,7,1,0
BRDA:63,8,0,0
BRDA:63,8,1,0
BRDA:84,9,0,0
BRDA:84,9,1,0
BRDA:105,10,0,0
BRDA:105,10,1,0
BRDA:120,11,0,0
BRDA:120,11,1,0
BRF:24
BRH:0
end_of_record
TN:
SF:routes/leads.js
FN:20,addToKlaviyoList
FN:27,(anonymous_1)
FN:81,sendKlaviyoEvent
FN:132,(anonymous_3)
FN:174,(anonymous_4)
FN:287,(anonymous_5)
FN:301,(anonymous_6)
FN:314,(anonymous_7)
FN:380,(anonymous_8)
FN:406,(anonymous_9)
FNF:10
FNH:0
FNDA:0,addToKlaviyoList
FNDA:0,(anonymous_1)
FNDA:0,sendKlaviyoEvent
FNDA:0,(anonymous_3)
FNDA:0,(anonymous_4)
FNDA:0,(anonymous_5)
FNDA:0,(anonymous_6)
FNDA:0,(anonymous_7)
FNDA:0,(anonymous_8)
FNDA:0,(anonymous_9)
DA:1,5
DA:2,5
DA:8,5
DA:9,5
DA:10,5
DA:12,5
DA:14,5
DA:15,5
DA:21,0
DA:22,0
DA:23,0
DA:26,0
DA:27,0
DA:29,0
DA:30,0
DA:42,0
DA:57,0
DA:59,0
DA:60,0
DA:61,0
DA:64,0
DA:65,0
DA:66,0
DA:68,0
DA:69,0
DA:70,0
DA:72,0
DA:74,0
DA:82,0
DA:83,0
DA:84,0
DA:87,0
DA:88,0
DA:114,0
DA:115,0
DA:116,0
DA:122,0
DA:125,0
DA:132,5
DA:133,0
DA:134,0
DA:135,0
DA:139,0
DA:142,0
DA:144,0
DA:146,0
DA:148,0
DA:150,0
DA:151,0
DA:152,0
DA:153,0
DA:159,0
DA:160,0
DA:161,0
DA:162,0
DA:164,0
DA:165,0
DA:167,0
DA:171,0
DA:174,0
DA:175,0
DA:176,0
DA:180,0
DA:186,0
DA:191,0
DA:192,0
DA:196,0
DA:197,0
DA:219,0
DA:220,0
DA:225,0
DA:230,0
DA:237,0
DA:238,0
DA:252,0
DA:253,0
DA:258,0
DA:263,0
DA:269,0
DA:276,0
DA:280,0
DA:287,5
DA:288,0
DA:289,0
DA:291,0
DA:292,0
DA:293,0
DA:295,0
DA:296,0
DA:301,5
DA:302,0
DA:303,0
DA:304,0
DA:306,0
DA:308,0
DA:309,0
DA:310,0
DA:313,0
DA:314,0
DA:316,0
DA:317,0
DA:329,0
DA:330,0
DA:331,0
DA:332,0
DA:337,0
DA:340,0
DA:341,0
DA:343,0
DA:344,0
DA:345,0
DA:350,0
DA:353,0
DA:365,0
DA:367,0
DA:368,0
DA:369,0
DA:375,0
DA:378,0
DA:380,0
DA:382,0
DA:388,0
DA:390,0
DA:391,0
DA:392,0
DA:394,0
DA:399,0
DA:406,5
DA:408,0
DA:409,0
DA:411,0
DA:412,0
DA:421,0
DA:422,0
DA:427,0
DA:430,0
DA:431,0
DA:435,5
LF:138
LH:13
BRDA:20,0,0,0
BRDA:21,1,0,0
BRDA:21,1,1,0
BRDA:36,2,0,0
BRDA:36,2,1,0
BRDA:59,3,0,0
BRDA:59,3,1,0
BRDA:69,4,0,0
BRDA:69,4,1,0
BRDA:81,5,0,0
BRDA:81,6,0,0
BRDA:82,7,0,0
BRDA:82,7,1,0
BRDA:114,8,0,0
BRDA:114,8,1,0
BRDA:134,9,0,0
BRDA:134,9,1,0
BRDA:142,10,0,0
BRDA:142,11,0,0
BRDA:144,12,0,0
BRDA:144,12,1,0
BRDA:152,13,0,0
BRDA:152,13,1,0
BRDA:159,14,0,0
BRDA:159,14,1,0
BRDA:161,15,0,0
BRDA:161,15,1,0
BRDA:161,16,0,0
BRDA:161,16,1,0
BRDA:164,17,0,0
BRDA:164,17,1,0
BRDA:164,18,0,0
BRDA:164,18,1,0
BRDA:176,19,0,0
BRDA:176,19,1,0
BRDA:178,20,0,0
BRDA:178,20,1,0
BRDA:182,21,0,0
BRDA:182,21,1,0
BRDA:191,22,0,0
BRDA:191,22,1,0
BRDA:191,23,0,0
BRDA:191,23,1,0
BRDA:198,24,0,0
BRDA:198,24,1,0
BRDA:200,25,0,0
BRDA:200,25,1,0
BRDA:200,25,2,0
BRDA:207,26,0,0
BRDA:207,26,1,0
BRDA:207,26,2,0
BRDA:213,27,0,0
BRDA:213,27,1,0
BRDA:213,27,2,0
BRDA:219,28,0,0
BRDA:219,28,1,0
BRDA:241,29,0,0
BRDA:241,29,1,0
BRDA:241,29,2,0
BRDA:245,30,0,0
BRDA:245,30,1,0
BRDA:245,30,2,0
BRDA:248,31,0,0
BRDA:248,31,1,0
BRDA:248,31,2,0
BRDA:250,32,0,0
BRDA:250,32,1,0
BRDA:252,33,0,0
BRDA:252,33,1,0
BRDA:280,34,0,0
BRDA:280,34,1,0
BRDA:289,35,0,0
BRDA:289,35,1,0
BRDA:303,36,0,0
BRDA:303,36,1,0
BRDA:308,37,0,0
BRDA:308,37,1,0
BRDA:329,38,0,0
BRDA:329,38,1,0
BRDA:343,39,0,0
BRDA:343,39,1,0
BRDA:367,40,0,0
BRDA:367,40,1,0
BRDA:380,41,0,0
BRDA:380,41,1,0
BRDA:391,42,0,0
BRDA:391,42,1,0
BRDA:407,43,0,0
BRDA:407,44,0,0
BRDA:407,44,1,0
BRDA:409,45,0,0
BRDA:409,45,1,0
BRDA:421,46,0,0
BRDA:421,46,1,0
BRF:94
BRH:0
end_of_record
TN:
SF:routes/orders.js
FN:13,(anonymous_0)
FN:45,(anonymous_1)
FN:63,(anonymous_2)
FN:93,(anonymous_3)
FN:109,(anonymous_4)
FN:143,(anonymous_5)
FN:192,(anonymous_6)
FN:245,(anonymous_7)
FNF:8
FNH:0
FNDA:0,(anonymous_0)
FNDA:0,(anonymous_1)
FNDA:0,(anonymous_2)
FNDA:0,(anonymous_3)
FNDA:0,(anonymous_4)
FNDA:0,(anonymous_5)
FNDA:0,(anonymous_6)
FNDA:0,(anonymous_7)
DA:2,5
DA:3,5
DA:4,5
DA:5,5
DA:6,5
DA:7,5
DA:8,5
DA:13,5
DA:14,0
DA:15,0
DA:16,0
DA:19,0
DA:20,0
DA:21,0
DA:25,0
DA:26,0
DA:31,0
DA:32,0
DA:35,0
DA:37,0
DA:38,0
DA:45,5
DA:46,0
DA:47,0
DA:53,0
DA:55,0
DA:56,0
DA:63,5
DA:64,0
DA:65,0
DA:66,0
DA:68,0
DA:74,0
DA:77,0
DA:78,0
DA:79,0
DA:80,0
DA:83,0
DA:85,0
DA:86,0
DA:93,5
DA:94,0
DA:95,0
DA:99,0
DA:101,0
DA:102,0
DA:109,5
DA:110,0
DA:111,0
DA:112,0
DA:114,0
DA:115,0
DA:118,0
DA:124,0
DA:125,0
DA:128,0
DA:133,0
DA:135,0
DA:136,0
DA:143,5
DA:144,0
DA:145,0
DA:147,0
DA:148,0
DA:151,0
DA:153,0
DA:154,0
DA:158,0
DA:159,0
DA:160,0
DA:161,0
DA:164,0
DA:165,0
DA:166,0
DA:172,0
DA:179,0
DA:185,0
DA:187,0
DA:188,0
DA:192,5
DA:193,0
DA:194,0
DA:196,0
DA:197,0
DA:200,0
DA:202,0
DA:203,0
DA:204,0
DA:205,0
DA:206,0
DA:207,0
DA:208,0
DA:209,0
DA:210,0
DA:215,0
DA:217,0
DA:219,0
DA:220,0
DA:222,0
DA:228,0
DA:234,0
DA:238,0
DA:245,5
DA:246,0
DA:247,0
DA:249,0
DA:250,0
DA:253,0
DA:254,0
DA:256,0
DA:257,0
DA:261,5
LF:112
LH:16
BRDA:20,0,0,0
BRDA:20,0,1,0
BRDA:25,1,0,0
BRDA:25,1,1,0
BRDA:31,2,0,0
BRDA:31,2,1,0
BRDA:68,3,0,0
BRDA:68,3,1,0
BRDA:74,4,0,0
BRDA:74,4,1,0
BRDA:79,5,0,0
BRDA:79,5,1,0
BRDA:79,6,0,0
BRDA:79,6,1,0
BRDA:114,7,0,0
BRDA:114,7,1,0
BRDA:124,8,0,0
BRDA:124,8,1,0
BRDA:147,9,0,0
BRDA:147,9,1,0
BRDA:153,10,0,0
BRDA:153,10,1,0
BRDA:159,11,0,0
BRDA:159,11,1,0
BRDA:196,12,0,0
BRDA:196,12,1,0
BRDA:202,13,0,0
BRDA:202,13,1,0
BRDA:203,14,0,0
BRDA:203,14,1,0
BRDA:204,15,0,0
BRDA:204,15,1,0
BRDA:205,16,0,0
BRDA:205,16,1,0
BRDA:206,17,0,0
BRDA:206,17,1,0
BRDA:207,18,0,0
BRDA:207,18,1,0
BRDA:208,19,0,0
BRDA:208,19,1,0
BRDA:209,20,0,0
BRDA:209,20,1,0
BRDA:211,21,0,0
BRDA:211,21,1,0
BRDA:211,21,2,0
BRDA:211,21,3,0
BRDA:238,22,0,0
BRDA:238,22,1,0
BRDA:249,23,0,0
BRDA:249,23,1,0
BRF:50
BRH:0
end_of_record
TN:
SF:routes/productRoutes.js
FNF:0
FNH:0
DA:2,5
DA:3,5
DA:4,5
DA:5,5
DA:10,5
DA:13,5
DA:16,5
DA:21,5
DA:29,5
DA:37,5
DA:44,5
LF:11
LH:11
BRF:0
BRH:0
end_of_record
TN:
SF:routes/reviewRoutes.js
FN:10,(anonymous_0)
FN:25,(anonymous_1)
FN:49,(anonymous_2)
FN:62,(anonymous_3)
FN:83,(anonymous_4)
FNF:5
FNH:3
FNDA:0,(anonymous_0)
FNDA:4,(anonymous_1)
FNDA:1,(anonymous_2)
FNDA:1,(anonymous_3)
FNDA:0,(anonymous_4)
DA:1,5
DA:2,5
DA:3,5
DA:10,5
DA:11,0
DA:12,0
DA:15,0
DA:17,0
DA:18,0
DA:25,5
DA:26,4
DA:27,4
DA:29,4
DA:30,1
DA:36,3
DA:37,3
DA:39,3
DA:41,0
DA:42,0
DA:49,5
DA:50,1
DA:51,1
DA:52,1
DA:54,0
DA:55,0
DA:62,5
DA:63,1
DA:64,1
DA:65,1
DA:70,1
DA:71,0
DA:73,1
DA:75,0
DA:76,0
DA:83,5
DA:84,0
DA:85,0
DA:86,0
DA:87,0
DA:88,0
DA:90,0
DA:92,0
DA:93,0
DA:97,5
LF:44
LH:24
BRDA:29,0,0,1
BRDA:29,0,1,3
BRDA:29,1,0,4
BRDA:29,1,1,4
BRDA:29,1,2,3
BRDA:29,1,3,3
BRDA:70,2,0,0
BRDA:70,2,1,1
BRDA:87,3,0,0
BRDA:87,3,1,0
BRF:10
BRH:7
end_of_record
TN:
SF:routes/siteSettings.js
FN:7,toPublicPayload
FN:21,(anonymous_1)
FN:31,(anonymous_2)
FN:41,(anonymous_3)
FN:57,(anonymous_4)
FNF:5
FNH:0
FNDA:0,toPublicPayload
FNDA:0,(anonymous_1)
FNDA:0,(anonymous_2)
FNDA:0,(anonymous_3)
FNDA:0,(anonymous_4)
DA:1,5
DA:2,5
DA:3,5
DA:5,5
DA:8,0
DA:21,5
DA:22,0
DA:23,0
DA:24,0
DA:26,0
DA:27,0
DA:31,5
DA:32,0
DA:33,0
DA:34,0
DA:36,0
DA:37,0
DA:41,5
DA:42,0
DA:43,0
DA:45,0
DA:57,0
DA:58,0
DA:59,0
DA:65,0
DA:66,0
DA:68,0
DA:69,0
DA:73,5
LF:29
LH:8
BRDA:58,0,0,0
BRDA:58,0,1,0
BRDA:59,1,0,0
BRDA:59,1,1,0
BRF:4
BRH:0
end_of_record
TN:
SF:routes/stripe.js
FN:16,toCents
FN:20,fromCents
FN:24,buildAddress
FN:35,buildShippingName
FN:39,buildShipFromDetails
FN:57,buildTaxBreakdown
FN:58,(anonymous_6)
FN:70,toMetadataString
FN:74,expireExistingPendingOrders
FN:85,(anonymous_9)
FN:180,(anonymous_10)
FNF:11
FNH:11
FNDA:2,toCents
FNDA:4,fromCents
FNDA:1,buildAddress
FNDA:1,buildShippingName
FNDA:1,buildShipFromDetails
FNDA:1,buildTaxBreakdown
FNDA:1,(anonymous_6)
FNDA:2,toMetadataString
FNDA:1,expireExistingPendingOrders
FNDA:2,(anonymous_9)
FNDA:1,(anonymous_10)
DA:1,5
DA:2,5
DA:3,5
DA:4,5
DA:5,5
DA:6,5
DA:7,5
DA:8,5
DA:10,5
DA:12,5
DA:13,5
DA:14,5
DA:17,2
DA:21,4
DA:25,1
DA:36,1
DA:40,1
DA:41,1
DA:42,1
DA:45,0
DA:58,1
DA:71,2
DA:75,1
DA:80,1
DA:85,5
DA:86,2
DA:88,2
DA:91,2
DA:92,0
DA:95,2
DA:101,0
DA:112,2
DA:113,2
DA:117,2
DA:118,0
DA:121,2
DA:122,2
DA:125,2
DA:126,0
DA:127,0
DA:128,0
DA:132,0
DA:133,0
DA:140,2
DA:141,0
DA:145,2
DA:146,2
DA:147,2
DA:149,2
DA:150,2
DA:151,2
DA:152,0
DA:154,2
DA:155,1
DA:160,1
DA:161,1
DA:168,1
DA:180,1
DA:181,1
DA:182,1
DA:183,1
DA:184,1
DA:185,1
DA:210,1
DA:211,1
DA:212,1
DA:219,1
DA:226,1
DA:258,1
DA:263,1
DA:281,1
DA:286,1
DA:295,0
DA:299,0
DA:304,0
DA:310,0
DA:314,5
LF:77
LH:62
BRDA:12,0,0,5
BRDA:12,0,1,5
BRDA:17,1,0,2
BRDA:17,1,1,0
BRDA:21,2,0,4
BRDA:21,2,1,0
BRDA:24,3,0,0
BRDA:27,4,0,1
BRDA:27,4,1,1
BRDA:31,5,0,1
BRDA:31,5,1,0
BRDA:35,6,0,0
BRDA:36,7,0,1
BRDA:36,7,1,0
BRDA:41,8,0,1
BRDA:41,8,1,0
BRDA:47,9,0,0
BRDA:47,9,1,0
BRDA:48,10,0,0
BRDA:48,10,1,0
BRDA:49,11,0,0
BRDA:49,11,1,0
BRDA:50,12,0,0
BRDA:50,12,1,0
BRDA:51,13,0,0
BRDA:51,13,1,0
BRDA:58,14,0,1
BRDA:58,14,1,0
BRDA:61,15,0,1
BRDA:61,15,1,0
BRDA:62,16,0,1
BRDA:62,16,1,0
BRDA:63,17,0,1
BRDA:63,17,1,0
BRDA:64,18,0,1
BRDA:64,18,1,0
BRDA:66,19,0,1
BRDA:66,19,1,0
BRDA:71,20,0,1
BRDA:71,20,1,1
BRDA:77,21,0,0
BRDA:77,21,1,1
BRDA:91,22,0,0
BRDA:91,22,1,2
BRDA:91,23,0,2
BRDA:91,23,1,2
BRDA:95,24,0,0
BRDA:95,24,1,2
BRDA:96,25,0,2
BRDA:96,25,1,2
BRDA:96,25,2,2
BRDA:96,25,3,2
BRDA:113,26,0,2
BRDA:113,26,1,2
BRDA:117,27,0,0
BRDA:117,27,1,2
BRDA:121,28,0,2
BRDA:121,28,1,0
BRDA:121,29,0,2
BRDA:121,29,1,2
BRDA:125,30,0,0
BRDA:125,30,1,2
BRDA:125,31,0,2
BRDA:125,31,1,0
BRDA:132,32,0,0
BRDA:132,32,1,0
BRDA:140,33,0,0
BRDA:140,33,1,2
BRDA:140,34,0,2
BRDA:140,34,1,2
BRDA:151,35,0,0
BRDA:151,35,1,2
BRDA:154,36,0,1
BRDA:154,36,1,1
BRDA:166,37,0,1
BRDA:166,37,1,0
BRDA:173,38,0,0
BRDA:173,38,1,1
BRDA:173,39,0,1
BRDA:173,39,1,1
BRDA:174,40,0,0
BRDA:174,40,1,0
BRDA:193,41,0,1
BRDA:193,41,1,0
BRDA:198,42,0,0
BRDA:198,42,1,1
BRDA:204,43,0,0
BRDA:204,43,1,1
BRDA:248,44,0,1
BRDA:248,44,1,0
BRDA:249,45,0,1
BRDA:249,45,1,0
BRDA:259,46,0,1
BRDA:259,46,1,1
BRDA:264,47,0,1
BRDA:264,47,1,1
BRDA:278,48,0,1
BRDA:278,48,1,0
BRDA:299,49,0,0
BRDA:299,49,1,0
BRDA:300,50,0,0
BRDA:300,50,1,0
BRDA:300,50,2,0
BRF:103
BRH:54
end_of_record
TN:
SF:routes/stripeWebhook.js
FN:14,(anonymous_0)
FNF:1
FNH:1
FNDA:3,(anonymous_0)
DA:2,5
DA:3,5
DA:4,5
DA:5,5
DA:6,5
DA:7,5
DA:8,5
DA:9,5
DA:14,5
DA:15,3
DA:16,3
DA:23,3
DA:24,3
DA:26,1
DA:27,1
DA:33,2
DA:35,2
DA:36,2
DA:38,2
DA:43,2
DA:47,2
DA:51,2
DA:52,0
DA:55,0
DA:59,2
DA:60,1
DA:64,1
DA:70,1
DA:72,1
DA:73,0
DA:76,0
DA:79,1
DA:81,1
DA:82,1
DA:83,1
DA:84,1
DA:87,1
DA:89,0
DA:93,0
DA:96,0
DA:102,1
DA:103,1
DA:104,1
DA:106,1
DA:107,0
DA:115,1
DA:117,1
DA:127,1
DA:128,1
DA:129,0
DA:130,0
DA:133,1
DA:140,1
DA:150,1
DA:151,0
DA:152,0
DA:153,1
DA:154,1
DA:155,1
DA:161,1
DA:162,1
DA:163,1
DA:164,1
DA:169,0
DA:175,1
DA:176,1
DA:177,1
DA:178,1
DA:180,0
DA:186,1
DA:192,1
DA:200,0
DA:206,1
DA:210,0
DA:212,0
DA:217,0
DA:218,0
DA:222,0
DA:226,0
DA:228,0
DA:232,0
DA:235,1
DA:238,5
LF:83
LH:60
BRDA:33,0,0,2
BRDA:33,0,1,0
BRDA:33,0,2,0
BRDA:36,1,0,2
BRDA:36,1,1,0
BRDA:51,2,0,0
BRDA:51,2,1,2
BRDA:59,3,0,1
BRDA:59,3,1,1
BRDA:72,4,0,0
BRDA:72,4,1,1
BRDA:82,5,0,1
BRDA:82,5,1,0
BRDA:106,6,0,0
BRDA:106,6,1,1
BRDA:128,7,0,0
BRDA:128,7,1,1
BRDA:150,8,0,0
BRDA:150,8,1,1
BRDA:150,9,0,1
BRDA:150,9,1,0
BRDA:153,10,0,1
BRDA:153,10,1,0
BRF:23
BRH:12
end_of_record
TN:
SF:routes/upload.js
FN:14,(anonymous_0)
FN:27,(anonymous_1)
FNF:2
FNH:0
FNDA:0,(anonymous_0)
FNDA:0,(anonymous_1)
DA:1,5
DA:2,5
DA:3,5
DA:4,5
DA:6,5
DA:7,5
DA:9,5
DA:15,0
DA:16,0
DA:17,0
DA:18,0
DA:20,0
DA:21,0
DA:24,0
DA:25,0
DA:28,0
DA:29,0
DA:32,0
DA:34,0
DA:35,0
DA:40,5
LF:21
LH:8
BRDA:20,0,0,0
BRDA:20,0,1,0
BRDA:28,1,0,0
BRDA:28,1,1,0
BRF:4
BRH:0
end_of_record
TN:
SF:routes/user.js
FN:11,(anonymous_0)
FN:22,(anonymous_1)
FN:34,(anonymous_2)
FN:59,(anonymous_3)
FN:71,(anonymous_4)
FN:91,(anonymous_5)
FN:116,(anonymous_6)
FN:126,(anonymous_7)
FN:140,(anonymous_8)
FN:157,(anonymous_9)
FNF:10
FNH:0
FNDA:0,(anonymous_0)
FNDA:0,(anonymous_1)
FNDA:0,(anonymous_2)
FNDA:0,(anonymous_3)
FNDA:0,(anonymous_4)
FNDA:0,(anonymous_5)
FNDA:0,(anonymous_6)
FNDA:0,(anonymous_7)
FNDA:0,(anonymous_8)
FNDA:0,(anonymous_9)
DA:1,5
DA:2,5
DA:3,5
DA:4,5
DA:6,5
DA:11,5
DA:12,0
DA:13,0
DA:14,0
DA:15,0
DA:17,0
DA:18,0
DA:22,5
DA:23,0
DA:24,0
DA:26,0
DA:27,0
DA:30,0
DA:31,0
DA:33,0
DA:34,0
DA:37,0
DA:39,0
DA:50,0
DA:51,0
DA:52,0
DA:54,0
DA:55,0
DA:59,5
DA:60,0
DA:61,0
DA:62,0
DA:64,0
DA:65,0
DA:67,0
DA:68,0
DA:70,0
DA:71,0
DA:74,0
DA:75,0
DA:76,0
DA:77,0
DA:78,0
DA:79,0
DA:80,0
DA:81,0
DA:83,0
DA:84,0
DA:86,0
DA:87,0
DA:91,5
DA:92,0
DA:93,0
DA:95,0
DA:96,0
DA:98,0
DA:99,0
DA:101,0
DA:102,0
DA:104,0
DA:105,0
DA:108,0
DA:109,0
DA:111,0
DA:112,0
DA:116,5
DA:117,0
DA:118,0
DA:120,0
DA:121,0
DA:123,0
DA:124,0
DA:126,0
DA:127,0
DA:129,0
DA:130,0
DA:132,0
DA:133,0
DA:140,5
DA:141,0
DA:142,0
DA:143,0
DA:145,0
DA:152,0
DA:153,0
DA:157,5
DA:158,0
DA:159,0
DA:161,0
DA:162,0
DA:164,0
DA:165,0
DA:168,0
DA:169,0
DA:171,0
DA:172,0
DA:175,0
DA:177,0
DA:178,0
DA:183,0
DA:184,0
DA:188,5
LF:102
LH:13
BRDA:14,0,0,0
BRDA:14,0,1,0
BRDA:15,1,0,0
BRDA:15,1,1,0
BRDA:26,2,0,0
BRDA:26,2,1,0
BRDA:26,3,0,0
BRDA:26,3,1,0
BRDA:26,3,2,0
BRDA:26,3,3,0
BRDA:31,4,0,0
BRDA:31,4,1,0
BRDA:33,5,0,0
BRDA:33,5,1,0
BRDA:37,6,0,0
BRDA:37,6,1,0
BRDA:40,7,0,0
BRDA:40,7,1,0
BRDA:42,8,0,0
BRDA:42,8,1,0
BRDA:46,9,0,0
BRDA:46,9,1,0
BRDA:65,10,0,0
BRDA:65,10,1,0
BRDA:68,11,0,0
BRDA:68,11,1,0
BRDA:70,12,0,0
BRDA:70,12,1,0
BRDA:74,13,0,0
BRDA:74,13,1,0
BRDA:75,14,0,0
BRDA:75,14,1,0
BRDA:76,15,0,0
BRDA:76,15,1,0
BRDA:77,16,0,0
BRDA:77,16,1,0
BRDA:78,17,0,0
BRDA:78,17,1,0
BRDA:79,18,0,0
BRDA:79,18,1,0
BRDA:80,19,0,0
BRDA:80,19,1,0
BRDA:81,20,0,0
BRDA:81,20,1,0
BRDA:96,21,0,0
BRDA:96,21,1,0
BRDA:99,22,0,0
BRDA:99,22,1,0
BRDA:104,23,0,0
BRDA:104,23,1,0
BRDA:104,24,0,0
BRDA:104,24,1,0
BRDA:121,25,0,0
BRDA:121,25,1,0
BRDA:124,26,0,0
BRDA:124,26,1,0
BRDA:143,27,0,0
BRDA:143,27,1,0
BRDA:146,28,0,0
BRDA:146,28,1,0
BRDA:162,29,0,0
BRDA:162,29,1,0
BRDA:164,30,0,0
BRDA:164,30,1,0
BRDA:168,31,0,0
BRDA:168,31,1,0
BRDA:171,32,0,0
BRDA:171,32,1,0
BRF:68
BRH:0
end_of_record
TN:
SF:routes/validation.js
FN:7,(anonymous_0)
FN:81,(anonymous_1)
FNF:2
FNH:0
FNDA:0,(anonymous_0)
FNDA:0,(anonymous_1)
DA:1,5
DA:2,5
DA:3,5
DA:4,5
DA:7,5
DA:8,0
DA:9,0
DA:12,0
DA:13,0
DA:20,0
DA:29,0
DA:32,0
DA:43,0
DA:44,0
DA:45,0
DA:52,0
DA:53,0
DA:57,0
DA:64,0
DA:65,0
DA:68,0
DA:78,0
DA:79,0
DA:81,0
DA:82,0
DA:84,0
DA:85,0
DA:87,0
DA:88,0
DA:90,0
DA:91,0
DA:93,0
DA:94,0
DA:96,0
DA:97,0
DA:99,0
DA:100,0
DA:105,0
DA:108,0
DA:109,0
DA:113,0
DA:121,0
DA:122,0
DA:124,0
DA:125,0
DA:131,0
DA:141,0
DA:147,0
DA:159,0
DA:160,0
DA:165,0
DA:172,0
DA:177,0
DA:184,5
LF:54
LH:6
BRDA:12,0,0,0
BRDA:12,0,1,0
BRDA:12,1,0,0
BRDA:12,1,1,0
BRDA:12,1,2,0
BRDA:12,1,3,0
BRDA:22,2,0,0
BRDA:22,2,1,0
BRDA:26,3,0,0
BRDA:26,3,1,0
BRDA:43,4,0,0
BRDA:43,4,1,0
BRDA:43,5,0,0
BRDA:43,5,1,0
BRDA:52,6,0,0
BRDA:52,6,1,0
BRDA:70,7,0,0
BRDA:70,7,1,0
BRDA:74,8,0,0
BRDA:74,8,1,0
BRDA:84,9,0,0
BRDA:84,9,1,0
BRDA:87,10,0,0
BRDA:87,10,1,0
BRDA:90,11,0,0
BRDA:90,11,1,0
BRDA:93,12,0,0
BRDA:93,12,1,0
BRDA:96,13,0,0
BRDA:96,13,1,0
BRDA:99,14,0,0
BRDA:99,14,1,0
BRDA:105,15,0,0
BRDA:105,15,1,0
BRDA:108,16,0,0
BRDA:108,16,1,0
BRDA:108,17,0,0
BRDA:108,17,1,0
BRDA:108,17,2,0
BRDA:122,18,0,0
BRDA:122,18,1,0
BRDA:124,19,0,0
BRDA:124,19,1,0
BRDA:124,20,0,0
BRDA:124,20,1,0
BRDA:159,21,0,0
BRDA:159,21,1,0
BRF:47
BRH:0
end_of_record
TN:
SF:services/emailService.js
FN:33,(anonymous_0)
FN:34,(anonymous_1)
FN:45,sendEmail
FN:103,getOrderConfirmationHTML
FN:106,(anonymous_4)
FN:202,getVipLeadHTML
FN:233,getVipLeadText
FN:246,getVipWelcomeHTML
FN:299,getVipWelcomeText
FN:322,sendOrderConfirmationEmail
FN:330,sendOwnerNotification
FN:338,sendVipNotification
FN:357,getTrackingEmailHTML
FN:398,getTrackingEmailText
FN:410,sendTrackingEmail
FNF:15
FNH:0
FNDA:0,(anonymous_0)
FNDA:0,(anonymous_1)
FNDA:0,sendEmail
FNDA:0,getOrderConfirmationHTML
FNDA:0,(anonymous_4)
FNDA:0,getVipLeadHTML
FNDA:0,getVipLeadText
FNDA:0,getVipWelcomeHTML
FNDA:0,getVipWelcomeText
FNDA:0,sendOrderConfirmationEmail
FNDA:0,sendOwnerNotification
FNDA:0,sendVipNotification
FNDA:0,getTrackingEmailHTML
FNDA:0,getTrackingEmailText
FNDA:0,sendTrackingEmail
DA:2,4
DA:3,4
DA:4,4
DA:6,4
DA:10,4
DA:11,4
DA:12,4
DA:15,4
DA:18,4
DA:33,4
DA:34,4
DA:35,0
DA:46,0
DA:47,0
DA:48,0
DA:57,0
DA:58,0
DA:59,0
DA:62,0
DA:64,0
DA:65,0
DA:68,0
DA:71,0
DA:72,0
DA:78,0
DA:87,0
DA:93,0
DA:95,0
DA:96,0
DA:104,0
DA:106,0
DA:115,0
DA:203,0
DA:234,0
DA:247,0
DA:249,0
DA:300,0
DA:323,0
DA:331,0
DA:348,0
DA:358,0
DA:359,0
DA:361,0
DA:399,0
DA:411,0
DA:422,4
LF:46
LH:12
BRDA:6,0,0,4
BRDA:6,0,1,0
BRDA:10,1,0,4
BRDA:10,1,1,0
BRDA:11,2,0,4
BRDA:11,2,1,0
BRDA:15,3,0,4
BRDA:15,3,1,0
BRDA:18,4,0,0
BRDA:18,4,1,4
BRDA:18,5,0,4
BRDA:18,5,1,4
BRDA:47,6,0,0
BRDA:47,6,1,0
BRDA:49,7,0,0
BRDA:49,7,1,0
BRDA:57,8,0,0
BRDA:57,8,1,0
BRDA:64,9,0,0
BRDA:64,9,1,0
BRDA:71,10,0,0
BRDA:71,10,1,0
BRDA:79,11,0,0
BRDA:79,11,1,0
BRDA:79,11,2,0
BRDA:145,12,0,0
BRDA:145,12,1,0
BRDA:150,13,0,0
BRDA:150,13,1,0
BRDA:171,14,0,0
BRDA:171,14,1,0
BRDA:172,15,0,0
BRDA:172,15,1,0
BRDA:216,16,0,0
BRDA:216,16,1,0
BRDA:217,17,0,0
BRDA:217,17,1,0
BRDA:239,18,0,0
BRDA:239,18,1,0
BRDA:240,19,0,0
BRDA:240,19,1,0
BRDA:246,20,0,0
BRDA:247,21,0,0
BRDA:247,21,1,0
BRDA:299,22,0,0
BRDA:301,23,0,0
BRDA:301,23,1,0
BRDA:332,24,0,0
BRDA:332,24,1,0
BRDA:341,25,0,0
BRDA:342,26,0,0
BRDA:350,27,0,0
BRDA:350,27,1,0
BRDA:351,28,0,0
BRDA:351,28,1,0
BRDA:352,29,0,0
BRDA:352,29,1,0
BRDA:358,30,0,0
BRDA:358,30,1,0
BRDA:359,31,0,0
BRDA:359,31,1,0
BRDA:377,32,0,0
BRDA:377,32,1,0
BRDA:400,33,0,0
BRDA:400,33,1,0
BRDA:403,34,0,0
BRDA:403,34,1,0
BRDA:404,35,0,0
BRDA:404,35,1,0
BRF:69
BRH:7
end_of_record
TN:
SF:services/shippoService.js
FN:6,getShippoHeaders
FN:20,getEnvNumber
FN:25,buildFromAddress
FN:52,buildToAddress
FN:72,buildParcel
FN:74,(anonymous_5)
FN:91,createShipment
FN:107,selectBestRate
FN:113,(anonymous_8)
FN:117,(anonymous_9)
FN:121,purchaseLabel
FN:136,buyLabelForOrder
FN:143,(anonymous_12)
FNF:13
FNH:0
FNDA:0,getShippoHeaders
FNDA:0,getEnvNumber
FNDA:0,buildFromAddress
FNDA:0,buildToAddress
FNDA:0,buildParcel
FNDA:0,(anonymous_5)
FNDA:0,createShipment
FNDA:0,selectBestRate
FNDA:0,(anonymous_8)
FNDA:0,(anonymous_9)
FNDA:0,purchaseLabel
FNDA:0,buyLabelForOrder
FNDA:0,(anonymous_12)
DA:1,5
DA:3,5
DA:4,5
DA:7,0
DA:9,0
DA:10,0
DA:13,0
DA:21,0
DA:22,0
DA:26,0
DA:27,0
DA:28,0
DA:29,0
DA:30,0
DA:32,0
DA:33,0
DA:38,0
DA:53,0
DA:55,0
DA:56,0
DA:59,0
DA:73,0
DA:74,0
DA:78,0
DA:81,0
DA:92,0
DA:104,0
DA:108,0
DA:109,0
DA:110,0
DA:113,0
DA:114,0
DA:116,0
DA:117,0
DA:122,0
DA:133,0
DA:137,0
DA:138,0
DA:139,0
DA:141,0
DA:143,0
DA:145,0
DA:148,0
DA:157,5
LF:44
LH:4
BRDA:7,0,0,0
BRDA:7,0,1,0
BRDA:9,1,0,0
BRDA:9,1,1,0
BRDA:22,2,0,0
BRDA:22,2,1,0
BRDA:22,3,0,0
BRDA:22,3,1,0
BRDA:26,4,0,0
BRDA:26,4,1,0
BRDA:27,5,0,0
BRDA:27,5,1,0
BRDA:28,6,0,0
BRDA:28,6,1,0
BRDA:29,7,0,0
BRDA:29,7,1,0
BRDA:30,8,0,0
BRDA:30,8,1,0
BRDA:32,9,0,0
BRDA:32,9,1,0
BRDA:32,10,0,0
BRDA:32,10,1,0
BRDA:32,10,2,0
BRDA:32,10,3,0
BRDA:39,11,0,0
BRDA:39,11,1,0
BRDA:40,12,0,0
BRDA:40,12,1,0
BRDA:42,13,0,0
BRDA:42,13,1,0
BRDA:47,14,0,0
BRDA:47,14,1,0
BRDA:47,15,0,0
BRDA:47,15,1,0
BRDA:48,16,0,0
BRDA:48,16,1,0
BRDA:48,17,0,0
BRDA:48,17,1,0
BRDA:48,17,2,0
BRDA:53,18,0,0
BRDA:53,18,1,0
BRDA:55,19,0,0
BRDA:55,19,1,0
BRDA:55,20,0,0
BRDA:55,20,1,0
BRDA:55,20,2,0
BRDA:55,20,3,0
BRDA:60,21,0,0
BRDA:60,21,1,0
BRDA:63,22,0,0
BRDA:63,22,1,0
BRDA:67,23,0,0
BRDA:67,23,1,0
BRDA:68,24,0,0
BRDA:68,24,1,0
BRDA:73,25,0,0
BRDA:73,25,1,0
BRDA:74,26,0,0
BRDA:74,26,1,0
BRDA:108,27,0,0
BRDA:108,27,1,0
BRDA:109,28,0,0
BRDA:109,28,1,0
BRDA:114,29,0,0
BRDA:114,29,1,0
BRDA:117,30,0,0
BRDA:117,30,1,0
BRDA:117,31,0,0
BRDA:117,31,1,0
BRDA:141,32,0,0
BRDA:141,32,1,0
BRDA:143,33,0,0
BRDA:143,33,1,0
BRDA:152,34,0,0
BRDA:152,34,1,0
BRDA:153,35,0,0
BRDA:153,35,1,0
BRF:77
BRH:0
end_of_record
TN:
SF:tests/setups.js
FN:6,(anonymous_0)
FN:11,(anonymous_1)
FN:19,(anonymous_2)
FNF:3
FNH:3
FNDA:5,(anonymous_0)
FNDA:15,(anonymous_1)
FNDA:5,(anonymous_2)
DA:1,5
DA:2,5
DA:6,5
DA:7,5
DA:8,5
DA:11,5
DA:12,15
DA:14,15
DA:15,135
DA:19,5
DA:20,5
DA:21,5
DA:24,5
DA:25,5
LF:14
LH:14
BRDA:20,0,0,5
BRDA:20,0,1,0
BRDA:24,1,0,5
BRDA:24,1,1,0
BRF:4
BRH:2
end_of_record
TN:
SF:utils/formProtection.js
FN:1,normalizeString
FN:5,validateFormProtection
FNF:2
FNH:2
FNDA:4,normalizeString
FNDA:4,validateFormProtection
DA:2,4
DA:6,4
DA:7,4
DA:8,4
DA:9,4
DA:10,4
DA:12,4
DA:13,0
DA:21,4
DA:22,0
DA:30,4
DA:32,4
DA:33,1
DA:41,3
DA:42,0
DA:50,3
DA:53,5
LF:17
LH:14
BRDA:1,0,0,0
BRDA:5,1,0,0
BRDA:5,2,0,0
BRDA:6,3,0,4
BRDA:6,3,1,4
BRDA:7,4,0,4
BRDA:7,4,1,0
BRDA:8,5,0,4
BRDA:8,5,1,4
BRDA:12,6,0,0
BRDA:12,6,1,4
BRDA:21,7,0,0
BRDA:21,7,1,4
BRDA:32,8,0,1
BRDA:32,8,1,3
BRDA:41,9,0,0
BRDA:41,9,1,3
BRF:17
BRH:10
end_of_record
TN:
SF:utils/shippingCalculator.js
FN:9,calculateShipping
FNF:1
FNH:1
FNDA:1,calculateShipping
DA:10,1
DA:11,1
DA:12,1
DA:15,5
LF:4
LH:4
BRDA:10,0,0,0
BRDA:10,0,1,1
BRDA:11,1,0,0
BRDA:11,1,1,1
BRF:4
BRH:2
end_of_record
